{"E:\\claude\\inventory-system\\server\\src\\middleware\\auth.ts": {"path":"E:\\claude\\inventory-system\\server\\src\\middleware\\auth.ts","statementMap":{"0":{"start":{"line":5,"column":25},"end":{"line":5,"column":null}},"1":{"start":{"line":6,"column":32},"end":{"line":6,"column":null}},"2":{"start":{"line":8,"column":6},"end":{"line":8,"column":null}},"3":{"start":{"line":10,"column":25},"end":{"line":10,"column":null}},"4":{"start":{"line":11,"column":28},"end":{"line":11,"column":null}},"5":{"start":{"line":13,"column":0},"end":{"line":15,"column":null}},"6":{"start":{"line":14,"column":2},"end":{"line":14,"column":null}},"7":{"start":{"line":18,"column":18},"end":{"line":18,"column":null}},"8":{"start":{"line":32,"column":29},"end":{"line":32,"column":null}},"9":{"start":{"line":33,"column":17},"end":{"line":33,"column":null}},"10":{"start":{"line":34,"column":2},"end":{"line":36,"column":null}},"11":{"start":{"line":35,"column":4},"end":{"line":35,"column":null}},"12":{"start":{"line":37,"column":2},"end":{"line":39,"column":null}},"13":{"start":{"line":38,"column":4},"end":{"line":38,"column":null}},"14":{"start":{"line":40,"column":2},"end":{"line":42,"column":null}},"15":{"start":{"line":41,"column":4},"end":{"line":41,"column":null}},"16":{"start":{"line":44,"column":2},"end":{"line":106,"column":null}},"17":{"start":{"line":45,"column":20},"end":{"line":45,"column":null}},"18":{"start":{"line":51,"column":4},"end":{"line":53,"column":null}},"19":{"start":{"line":52,"column":6},"end":{"line":52,"column":null}},"20":{"start":{"line":54,"column":4},"end":{"line":54,"column":null}},"21":{"start":{"line":55,"column":4},"end":{"line":55,"column":null}},"22":{"start":{"line":56,"column":4},"end":{"line":56,"column":null}},"23":{"start":{"line":57,"column":4},"end":{"line":57,"column":null}},"24":{"start":{"line":58,"column":4},"end":{"line":58,"column":null}},"25":{"start":{"line":61,"column":4},"end":{"line":77,"column":null}},"26":{"start":{"line":62,"column":21},"end":{"line":62,"column":null}},"27":{"start":{"line":63,"column":6},"end":{"line":76,"column":null}},"28":{"start":{"line":64,"column":25},"end":{"line":64,"column":null}},"29":{"start":{"line":65,"column":26},"end":{"line":65,"column":null}},"30":{"start":{"line":66,"column":8},"end":{"line":68,"column":null}},"31":{"start":{"line":67,"column":10},"end":{"line":67,"column":null}},"32":{"start":{"line":70,"column":23},"end":{"line":70,"column":null}},"33":{"start":{"line":71,"column":21},"end":{"line":71,"column":null}},"34":{"start":{"line":72,"column":26},"end":{"line":72,"column":null}},"35":{"start":{"line":73,"column":8},"end":{"line":75,"column":null}},"36":{"start":{"line":74,"column":10},"end":{"line":74,"column":null}},"37":{"start":{"line":79,"column":4},"end":{"line":90,"column":null}},"38":{"start":{"line":80,"column":23},"end":{"line":83,"column":null}},"39":{"start":{"line":84,"column":6},"end":{"line":86,"column":null}},"40":{"start":{"line":85,"column":8},"end":{"line":85,"column":null}},"41":{"start":{"line":87,"column":6},"end":{"line":89,"column":null}},"42":{"start":{"line":88,"column":8},"end":{"line":88,"column":null}},"43":{"start":{"line":93,"column":4},"end":{"line":100,"column":null}},"44":{"start":{"line":94,"column":6},"end":{"line":97,"column":null}},"45":{"start":{"line":95,"column":8},"end":{"line":95,"column":null}},"46":{"start":{"line":96,"column":8},"end":{"line":96,"column":null}},"47":{"start":{"line":99,"column":6},"end":{"line":99,"column":null}},"48":{"start":{"line":102,"column":4},"end":{"line":104,"column":null}},"49":{"start":{"line":103,"column":6},"end":{"line":103,"column":null}},"50":{"start":{"line":105,"column":4},"end":{"line":105,"column":null}},"51":{"start":{"line":110,"column":2},"end":{"line":115,"column":null}},"52":{"start":{"line":111,"column":4},"end":{"line":113,"column":null}},"53":{"start":{"line":112,"column":6},"end":{"line":112,"column":null}},"54":{"start":{"line":114,"column":4},"end":{"line":114,"column":null}},"55":{"start":{"line":119,"column":2},"end":{"line":130,"column":null}},"56":{"start":{"line":120,"column":4},"end":{"line":128,"column":null}},"57":{"start":{"line":121,"column":23},"end":{"line":121,"column":null}},"58":{"start":{"line":122,"column":6},"end":{"line":124,"column":null}},"59":{"start":{"line":123,"column":8},"end":{"line":123,"column":null}},"60":{"start":{"line":125,"column":6},"end":{"line":127,"column":null}},"61":{"start":{"line":126,"column":8},"end":{"line":126,"column":null}},"62":{"start":{"line":129,"column":4},"end":{"line":129,"column":null}},"63":{"start":{"line":131,"column":2},"end":{"line":131,"column":null}},"64":{"start":{"line":135,"column":2},"end":{"line":135,"column":null}},"65":{"start":{"line":135,"column":38},"end":{"line":135,"column":null}},"66":{"start":{"line":136,"column":2},"end":{"line":136,"column":null}},"67":{"start":{"line":140,"column":2},"end":{"line":140,"column":null}},"68":{"start":{"line":140,"column":73},"end":{"line":140,"column":null}},"69":{"start":{"line":141,"column":2},"end":{"line":141,"column":null}},"70":{"start":{"line":141,"column":28},"end":{"line":141,"column":null}},"71":{"start":{"line":142,"column":2},"end":{"line":142,"column":null}},"72":{"start":{"line":147,"column":13},"end":{"line":147,"column":null}},"73":{"start":{"line":148,"column":2},"end":{"line":148,"column":null}},"74":{"start":{"line":148,"column":17},"end":{"line":148,"column":null}},"75":{"start":{"line":149,"column":2},"end":{"line":149,"column":null}}},"fnMap":{"0":{"name":"authenticate","decl":{"start":{"line":30,"column":22},"end":{"line":30,"column":35}},"loc":{"start":{"line":30,"column":88},"end":{"line":107,"column":null}},"line":30},"1":{"name":"(anonymous_1)","decl":{"start":{"line":94,"column":24},"end":{"line":94,"column":42}},"loc":{"start":{"line":94,"column":42},"end":{"line":97,"column":7}},"line":94},"2":{"name":"authorize","decl":{"start":{"line":109,"column":16},"end":{"line":109,"column":26}},"loc":{"start":{"line":109,"column":46},"end":{"line":116,"column":null}},"line":109},"3":{"name":"(anonymous_3)","decl":{"start":{"line":110,"column":2},"end":{"line":110,"column":10}},"loc":{"start":{"line":110,"column":66},"end":{"line":115,"column":null}},"line":110},"4":{"name":"adminWrite","decl":{"start":{"line":118,"column":22},"end":{"line":118,"column":33}},"loc":{"start":{"line":118,"column":86},"end":{"line":132,"column":null}},"line":118},"5":{"name":"superAdmin","decl":{"start":{"line":134,"column":16},"end":{"line":134,"column":27}},"loc":{"start":{"line":134,"column":80},"end":{"line":137,"column":null}},"line":134},"6":{"name":"requireWarehouse","decl":{"start":{"line":139,"column":16},"end":{"line":139,"column":33}},"loc":{"start":{"line":139,"column":86},"end":{"line":143,"column":null}},"line":139},"7":{"name":"validateId","decl":{"start":{"line":146,"column":16},"end":{"line":146,"column":27}},"loc":{"start":{"line":146,"column":76},"end":{"line":150,"column":null}},"line":146}},"branchMap":{"0":{"loc":{"start":{"line":10,"column":25},"end":{"line":10,"column":null}},"type":"binary-expr","locations":[{"start":{"line":10,"column":25},"end":{"line":10,"column":58}},{"start":{"line":10,"column":58},"end":{"line":10,"column":null}}],"line":10},"1":{"loc":{"start":{"line":10,"column":58},"end":{"line":10,"column":null}},"type":"cond-expr","locations":[{"start":{"line":10,"column":74},"end":{"line":10,"column":93}},{"start":{"line":10,"column":93},"end":{"line":10,"column":null}}],"line":10},"2":{"loc":{"start":{"line":11,"column":28},"end":{"line":11,"column":null}},"type":"binary-expr","locations":[{"start":{"line":11,"column":28},"end":{"line":11,"column":64}},{"start":{"line":11,"column":64},"end":{"line":11,"column":null}}],"line":11},"3":{"loc":{"start":{"line":11,"column":64},"end":{"line":11,"column":null}},"type":"cond-expr","locations":[{"start":{"line":11,"column":80},"end":{"line":11,"column":106}},{"start":{"line":11,"column":106},"end":{"line":11,"column":null}}],"line":11},"4":{"loc":{"start":{"line":13,"column":0},"end":{"line":15,"column":null}},"type":"if","locations":[{"start":{"line":13,"column":0},"end":{"line":15,"column":null}},{"start":{},"end":{}}],"line":13},"5":{"loc":{"start":{"line":13,"column":4},"end":{"line":13,"column":39}},"type":"binary-expr","locations":[{"start":{"line":13,"column":4},"end":{"line":13,"column":20}},{"start":{"line":13,"column":20},"end":{"line":13,"column":39}}],"line":13},"6":{"loc":{"start":{"line":18,"column":18},"end":{"line":18,"column":null}},"type":"binary-expr","locations":[{"start":{"line":18,"column":18},"end":{"line":18,"column":45}},{"start":{"line":18,"column":45},"end":{"line":18,"column":null}}],"line":18},"7":{"loc":{"start":{"line":34,"column":2},"end":{"line":36,"column":null}},"type":"if","locations":[{"start":{"line":34,"column":2},"end":{"line":36,"column":null}},{"start":{},"end":{}}],"line":34},"8":{"loc":{"start":{"line":34,"column":6},"end":{"line":34,"column":46}},"type":"binary-expr","locations":[{"start":{"line":34,"column":6},"end":{"line":34,"column":16}},{"start":{"line":34,"column":16},"end":{"line":34,"column":46}}],"line":34},"9":{"loc":{"start":{"line":37,"column":2},"end":{"line":39,"column":null}},"type":"if","locations":[{"start":{"line":37,"column":2},"end":{"line":39,"column":null}},{"start":{},"end":{}}],"line":37},"10":{"loc":{"start":{"line":38,"column":12},"end":{"line":38,"column":null}},"type":"binary-expr","locations":[{"start":{"line":38,"column":12},"end":{"line":38,"column":38}},{"start":{"line":38,"column":38},"end":{"line":38,"column":null}}],"line":38},"11":{"loc":{"start":{"line":40,"column":2},"end":{"line":42,"column":null}},"type":"if","locations":[{"start":{"line":40,"column":2},"end":{"line":42,"column":null}},{"start":{},"end":{}}],"line":40},"12":{"loc":{"start":{"line":51,"column":4},"end":{"line":53,"column":null}},"type":"if","locations":[{"start":{"line":51,"column":4},"end":{"line":53,"column":null}},{"start":{},"end":{}}],"line":51},"13":{"loc":{"start":{"line":57,"column":21},"end":{"line":57,"column":null}},"type":"binary-expr","locations":[{"start":{"line":57,"column":21},"end":{"line":57,"column":43}},{"start":{"line":57,"column":43},"end":{"line":57,"column":null}}],"line":57},"14":{"loc":{"start":{"line":58,"column":23},"end":{"line":58,"column":null}},"type":"binary-expr","locations":[{"start":{"line":58,"column":23},"end":{"line":58,"column":47}},{"start":{"line":58,"column":47},"end":{"line":58,"column":null}}],"line":58},"15":{"loc":{"start":{"line":61,"column":4},"end":{"line":77,"column":null}},"type":"if","locations":[{"start":{"line":61,"column":4},"end":{"line":77,"column":null}},{"start":{},"end":{}}],"line":61},"16":{"loc":{"start":{"line":61,"column":8},"end":{"line":61,"column":72}},"type":"binary-expr","locations":[{"start":{"line":61,"column":8},"end":{"line":61,"column":42}},{"start":{"line":61,"column":42},"end":{"line":61,"column":72}}],"line":61},"17":{"loc":{"start":{"line":62,"column":21},"end":{"line":62,"column":null}},"type":"binary-expr","locations":[{"start":{"line":62,"column":21},"end":{"line":62,"column":39}},{"start":{"line":62,"column":39},"end":{"line":62,"column":null}}],"line":62},"18":{"loc":{"start":{"line":63,"column":6},"end":{"line":76,"column":null}},"type":"if","locations":[{"start":{"line":63,"column":6},"end":{"line":76,"column":null}},{"start":{"line":69,"column":13},"end":{"line":76,"column":null}}],"line":63},"19":{"loc":{"start":{"line":65,"column":26},"end":{"line":65,"column":null}},"type":"cond-expr","locations":[{"start":{"line":65,"column":48},"end":{"line":65,"column":79}},{"start":{"line":65,"column":79},"end":{"line":65,"column":null}}],"line":65},"20":{"loc":{"start":{"line":66,"column":8},"end":{"line":68,"column":null}},"type":"if","locations":[{"start":{"line":66,"column":8},"end":{"line":68,"column":null}},{"start":{},"end":{}}],"line":66},"21":{"loc":{"start":{"line":66,"column":12},"end":{"line":66,"column":69}},"type":"binary-expr","locations":[{"start":{"line":66,"column":12},"end":{"line":66,"column":33}},{"start":{"line":66,"column":33},"end":{"line":66,"column":69}}],"line":66},"22":{"loc":{"start":{"line":70,"column":23},"end":{"line":70,"column":null}},"type":"cond-expr","locations":[{"start":{"line":70,"column":45},"end":{"line":70,"column":85}},{"start":{"line":70,"column":85},"end":{"line":70,"column":null}}],"line":70},"23":{"loc":{"start":{"line":72,"column":26},"end":{"line":72,"column":null}},"type":"cond-expr","locations":[{"start":{"line":72,"column":48},"end":{"line":72,"column":75}},{"start":{"line":72,"column":75},"end":{"line":72,"column":null}}],"line":72},"24":{"loc":{"start":{"line":73,"column":8},"end":{"line":75,"column":null}},"type":"if","locations":[{"start":{"line":73,"column":8},"end":{"line":75,"column":null}},{"start":{},"end":{}}],"line":73},"25":{"loc":{"start":{"line":73,"column":12},"end":{"line":73,"column":69}},"type":"binary-expr","locations":[{"start":{"line":73,"column":12},"end":{"line":73,"column":33}},{"start":{"line":73,"column":33},"end":{"line":73,"column":69}}],"line":73},"26":{"loc":{"start":{"line":79,"column":4},"end":{"line":90,"column":null}},"type":"if","locations":[{"start":{"line":79,"column":4},"end":{"line":90,"column":null}},{"start":{},"end":{}}],"line":79},"27":{"loc":{"start":{"line":79,"column":8},"end":{"line":79,"column":63}},"type":"binary-expr","locations":[{"start":{"line":79,"column":8},"end":{"line":79,"column":43}},{"start":{"line":79,"column":43},"end":{"line":79,"column":63}}],"line":79},"28":{"loc":{"start":{"line":84,"column":6},"end":{"line":86,"column":null}},"type":"if","locations":[{"start":{"line":84,"column":6},"end":{"line":86,"column":null}},{"start":{},"end":{}}],"line":84},"29":{"loc":{"start":{"line":87,"column":6},"end":{"line":89,"column":null}},"type":"if","locations":[{"start":{"line":87,"column":6},"end":{"line":89,"column":null}},{"start":{},"end":{}}],"line":87},"30":{"loc":{"start":{"line":93,"column":4},"end":{"line":100,"column":null}},"type":"if","locations":[{"start":{"line":93,"column":4},"end":{"line":100,"column":null}},{"start":{"line":98,"column":11},"end":{"line":100,"column":null}}],"line":93},"31":{"loc":{"start":{"line":93,"column":8},"end":{"line":93,"column":58}},"type":"binary-expr","locations":[{"start":{"line":93,"column":8},"end":{"line":93,"column":26}},{"start":{"line":93,"column":26},"end":{"line":93,"column":58}}],"line":93},"32":{"loc":{"start":{"line":102,"column":4},"end":{"line":104,"column":null}},"type":"if","locations":[{"start":{"line":102,"column":4},"end":{"line":104,"column":null}},{"start":{},"end":{}}],"line":102},"33":{"loc":{"start":{"line":102,"column":10},"end":{"line":102,"column":89}},"type":"binary-expr","locations":[{"start":{"line":102,"column":10},"end":{"line":102,"column":50}},{"start":{"line":102,"column":50},"end":{"line":102,"column":89}}],"line":102},"34":{"loc":{"start":{"line":111,"column":4},"end":{"line":113,"column":null}},"type":"if","locations":[{"start":{"line":111,"column":4},"end":{"line":113,"column":null}},{"start":{},"end":{}}],"line":111},"35":{"loc":{"start":{"line":111,"column":8},"end":{"line":111,"column":56}},"type":"binary-expr","locations":[{"start":{"line":111,"column":8},"end":{"line":111,"column":25}},{"start":{"line":111,"column":25},"end":{"line":111,"column":56}}],"line":111},"36":{"loc":{"start":{"line":119,"column":2},"end":{"line":130,"column":null}},"type":"if","locations":[{"start":{"line":119,"column":2},"end":{"line":130,"column":null}},{"start":{},"end":{}}],"line":119},"37":{"loc":{"start":{"line":119,"column":6},"end":{"line":119,"column":111}},"type":"binary-expr","locations":[{"start":{"line":119,"column":6},"end":{"line":119,"column":40}},{"start":{"line":119,"column":40},"end":{"line":119,"column":78}},{"start":{"line":119,"column":78},"end":{"line":119,"column":111}}],"line":119},"38":{"loc":{"start":{"line":120,"column":4},"end":{"line":128,"column":null}},"type":"if","locations":[{"start":{"line":120,"column":4},"end":{"line":128,"column":null}},{"start":{},"end":{}}],"line":120},"39":{"loc":{"start":{"line":120,"column":8},"end":{"line":120,"column":59}},"type":"binary-expr","locations":[{"start":{"line":120,"column":8},"end":{"line":120,"column":43}},{"start":{"line":120,"column":43},"end":{"line":120,"column":59}}],"line":120},"40":{"loc":{"start":{"line":122,"column":6},"end":{"line":124,"column":null}},"type":"if","locations":[{"start":{"line":122,"column":6},"end":{"line":124,"column":null}},{"start":{},"end":{}}],"line":122},"41":{"loc":{"start":{"line":125,"column":6},"end":{"line":127,"column":null}},"type":"if","locations":[{"start":{"line":125,"column":6},"end":{"line":127,"column":null}},{"start":{},"end":{}}],"line":125},"42":{"loc":{"start":{"line":135,"column":2},"end":{"line":135,"column":null}},"type":"if","locations":[{"start":{"line":135,"column":2},"end":{"line":135,"column":null}},{"start":{},"end":{}}],"line":135},"43":{"loc":{"start":{"line":140,"column":2},"end":{"line":140,"column":null}},"type":"if","locations":[{"start":{"line":140,"column":2},"end":{"line":140,"column":null}},{"start":{},"end":{}}],"line":140},"44":{"loc":{"start":{"line":140,"column":6},"end":{"line":140,"column":73}},"type":"binary-expr","locations":[{"start":{"line":140,"column":6},"end":{"line":140,"column":40}},{"start":{"line":140,"column":40},"end":{"line":140,"column":73}}],"line":140},"45":{"loc":{"start":{"line":141,"column":2},"end":{"line":141,"column":null}},"type":"if","locations":[{"start":{"line":141,"column":2},"end":{"line":141,"column":null}},{"start":{},"end":{}}],"line":141},"46":{"loc":{"start":{"line":148,"column":2},"end":{"line":148,"column":null}},"type":"if","locations":[{"start":{"line":148,"column":2},"end":{"line":148,"column":null}},{"start":{},"end":{}}],"line":148}},"s":{"0":3,"1":3,"2":3,"3":3,"4":3,"5":3,"6":0,"7":3,"8":7,"9":7,"10":7,"11":1,"12":7,"13":6,"14":7,"15":6,"16":1,"17":1,"18":1,"19":0,"20":1,"21":1,"22":1,"23":1,"24":7,"25":7,"26":0,"27":0,"28":0,"29":0,"30":0,"31":0,"32":0,"33":0,"34":0,"35":0,"36":0,"37":1,"38":0,"39":0,"40":0,"41":0,"42":0,"43":1,"44":0,"45":0,"46":0,"47":1,"48":0,"49":0,"50":0,"51":4,"52":0,"53":0,"54":0,"55":1,"56":1,"57":0,"58":0,"59":0,"60":0,"61":0,"62":1,"63":0,"64":0,"65":0,"66":0,"67":0,"68":0,"69":0,"70":0,"71":0,"72":6,"73":6,"74":2,"75":4},"f":{"0":7,"1":0,"2":4,"3":0,"4":1,"5":0,"6":0,"7":6},"b":{"0":[3,2],"1":[2,0],"2":[3,2],"3":[2,0],"4":[0,3],"5":[3,0],"6":[3,3],"7":[1,6],"8":[7,2],"9":[6,1],"10":[6,6],"11":[6,1],"12":[0,1],"13":[1,1],"14":[7,1],"15":[0,7],"16":[7,0],"17":[0,0],"18":[0,0],"19":[0,0],"20":[0,0],"21":[0,0],"22":[0,0],"23":[0,0],"24":[0,0],"25":[0,0],"26":[0,1],"27":[1,0],"28":[0,0],"29":[0,0],"30":[0,1],"31":[1,0],"32":[0,0],"33":[0,0],"34":[0,0],"35":[0,0],"36":[1,0],"37":[1,0,0],"38":[0,1],"39":[1,0],"40":[0,0],"41":[0,0],"42":[0,0],"43":[0,0],"44":[0,0],"45":[0,0],"46":[2,4]},"meta":{"lastBranch":47,"lastFunction":8,"lastStatement":76,"seen":{"s:5:25:5:Infinity":0,"s:6:32:6:Infinity":1,"s:8:6:8:Infinity":2,"s:10:25:10:Infinity":3,"b:10:25:10:58:10:58:10:Infinity":0,"b:10:74:10:93:10:93:10:Infinity":1,"s:11:28:11:Infinity":4,"b:11:28:11:64:11:64:11:Infinity":2,"b:11:80:11:106:11:106:11:Infinity":3,"b:13:0:15:Infinity:undefined:undefined:undefined:undefined":4,"s:13:0:15:Infinity":5,"b:13:4:13:20:13:20:13:39":5,"s:14:2:14:Infinity":6,"s:18:18:18:Infinity":7,"b:18:18:18:45:18:45:18:Infinity":6,"f:30:22:30:35":0,"s:32:29:32:Infinity":8,"s:33:17:33:Infinity":9,"b:34:2:36:Infinity:undefined:undefined:undefined:undefined":7,"s:34:2:36:Infinity":10,"b:34:6:34:16:34:16:34:46":8,"s:35:4:35:Infinity":11,"b:37:2:39:Infinity:undefined:undefined:undefined:undefined":9,"s:37:2:39:Infinity":12,"s:38:4:38:Infinity":13,"b:38:12:38:38:38:38:38:Infinity":10,"b:40:2:42:Infinity:undefined:undefined:undefined:undefined":11,"s:40:2:42:Infinity":14,"s:41:4:41:Infinity":15,"s:44:2:106:Infinity":16,"s:45:20:45:Infinity":17,"b:51:4:53:Infinity:undefined:undefined:undefined:undefined":12,"s:51:4:53:Infinity":18,"s:52:6:52:Infinity":19,"s:54:4:54:Infinity":20,"s:55:4:55:Infinity":21,"s:56:4:56:Infinity":22,"s:57:4:57:Infinity":23,"b:57:21:57:43:57:43:57:Infinity":13,"s:58:4:58:Infinity":24,"b:58:23:58:47:58:47:58:Infinity":14,"b:61:4:77:Infinity:undefined:undefined:undefined:undefined":15,"s:61:4:77:Infinity":25,"b:61:8:61:42:61:42:61:72":16,"s:62:21:62:Infinity":26,"b:62:21:62:39:62:39:62:Infinity":17,"b:63:6:76:Infinity:69:13:76:Infinity":18,"s:63:6:76:Infinity":27,"s:64:25:64:Infinity":28,"s:65:26:65:Infinity":29,"b:65:48:65:79:65:79:65:Infinity":19,"b:66:8:68:Infinity:undefined:undefined:undefined:undefined":20,"s:66:8:68:Infinity":30,"b:66:12:66:33:66:33:66:69":21,"s:67:10:67:Infinity":31,"s:70:23:70:Infinity":32,"b:70:45:70:85:70:85:70:Infinity":22,"s:71:21:71:Infinity":33,"s:72:26:72:Infinity":34,"b:72:48:72:75:72:75:72:Infinity":23,"b:73:8:75:Infinity:undefined:undefined:undefined:undefined":24,"s:73:8:75:Infinity":35,"b:73:12:73:33:73:33:73:69":25,"s:74:10:74:Infinity":36,"b:79:4:90:Infinity:undefined:undefined:undefined:undefined":26,"s:79:4:90:Infinity":37,"b:79:8:79:43:79:43:79:63":27,"s:80:23:83:Infinity":38,"b:84:6:86:Infinity:undefined:undefined:undefined:undefined":28,"s:84:6:86:Infinity":39,"s:85:8:85:Infinity":40,"b:87:6:89:Infinity:undefined:undefined:undefined:undefined":29,"s:87:6:89:Infinity":41,"s:88:8:88:Infinity":42,"b:93:4:100:Infinity:98:11:100:Infinity":30,"s:93:4:100:Infinity":43,"b:93:8:93:26:93:26:93:58":31,"s:94:6:97:Infinity":44,"f:94:24:94:42":1,"s:95:8:95:Infinity":45,"s:96:8:96:Infinity":46,"s:99:6:99:Infinity":47,"b:102:4:104:Infinity:undefined:undefined:undefined:undefined":32,"s:102:4:104:Infinity":48,"b:102:10:102:50:102:50:102:89":33,"s:103:6:103:Infinity":49,"s:105:4:105:Infinity":50,"f:109:16:109:26":2,"s:110:2:115:Infinity":51,"f:110:2:110:10":3,"b:111:4:113:Infinity:undefined:undefined:undefined:undefined":34,"s:111:4:113:Infinity":52,"b:111:8:111:25:111:25:111:56":35,"s:112:6:112:Infinity":53,"s:114:4:114:Infinity":54,"f:118:22:118:33":4,"b:119:2:130:Infinity:undefined:undefined:undefined:undefined":36,"s:119:2:130:Infinity":55,"b:119:6:119:40:119:40:119:78:119:78:119:111":37,"b:120:4:128:Infinity:undefined:undefined:undefined:undefined":38,"s:120:4:128:Infinity":56,"b:120:8:120:43:120:43:120:59":39,"s:121:23:121:Infinity":57,"b:122:6:124:Infinity:undefined:undefined:undefined:undefined":40,"s:122:6:124:Infinity":58,"s:123:8:123:Infinity":59,"b:125:6:127:Infinity:undefined:undefined:undefined:undefined":41,"s:125:6:127:Infinity":60,"s:126:8:126:Infinity":61,"s:129:4:129:Infinity":62,"s:131:2:131:Infinity":63,"f:134:16:134:27":5,"b:135:2:135:Infinity:undefined:undefined:undefined:undefined":42,"s:135:2:135:Infinity":64,"s:135:38:135:Infinity":65,"s:136:2:136:Infinity":66,"f:139:16:139:33":6,"b:140:2:140:Infinity:undefined:undefined:undefined:undefined":43,"s:140:2:140:Infinity":67,"b:140:6:140:40:140:40:140:73":44,"s:140:73:140:Infinity":68,"b:141:2:141:Infinity:undefined:undefined:undefined:undefined":45,"s:141:2:141:Infinity":69,"s:141:28:141:Infinity":70,"s:142:2:142:Infinity":71,"f:146:16:146:27":7,"s:147:13:147:Infinity":72,"b:148:2:148:Infinity:undefined:undefined:undefined:undefined":46,"s:148:2:148:Infinity":73,"s:148:17:148:Infinity":74,"s:149:2:149:Infinity":75}}}
,"E:\\claude\\inventory-system\\server\\src\\middleware\\errorHandler.ts": {"path":"E:\\claude\\inventory-system\\server\\src\\middleware\\errorHandler.ts","statementMap":{"0":{"start":{"line":4,"column":2},"end":{"line":4,"column":null}},"1":{"start":{"line":7,"column":2},"end":{"line":9,"column":null}},"2":{"start":{"line":8,"column":4},"end":{"line":8,"column":null}},"3":{"start":{"line":11,"column":8},"end":{"line":11,"column":null}},"4":{"start":{"line":12,"column":2},"end":{"line":12,"column":null}}},"fnMap":{"0":{"name":"errorHandler","decl":{"start":{"line":3,"column":16},"end":{"line":3,"column":29}},"loc":{"start":{"line":3,"column":92},"end":{"line":13,"column":null}},"line":3}},"branchMap":{"0":{"loc":{"start":{"line":7,"column":2},"end":{"line":9,"column":null}},"type":"if","locations":[{"start":{"line":7,"column":2},"end":{"line":9,"column":null}},{"start":{},"end":{}}],"line":7},"1":{"loc":{"start":{"line":7,"column":6},"end":{"line":7,"column":88}},"type":"binary-expr","locations":[{"start":{"line":7,"column":6},"end":{"line":7,"column":53}},{"start":{"line":7,"column":53},"end":{"line":7,"column":88}}],"line":7},"2":{"loc":{"start":{"line":11,"column":8},"end":{"line":11,"column":null}},"type":"cond-expr","locations":[{"start":{"line":11,"column":58},"end":{"line":11,"column":84}},{"start":{"line":11,"column":84},"end":{"line":11,"column":null}}],"line":11}},"s":{"0":0,"1":0,"2":0,"3":0,"4":0},"f":{"0":0},"b":{"0":[0,0],"1":[0,0],"2":[0,0]},"meta":{"lastBranch":3,"lastFunction":1,"lastStatement":5,"seen":{"f:3:16:3:29":0,"s:4:2:4:Infinity":0,"b:7:2:9:Infinity:undefined:undefined:undefined:undefined":0,"s:7:2:9:Infinity":1,"b:7:6:7:53:7:53:7:88":1,"s:8:4:8:Infinity":2,"s:11:8:11:Infinity":3,"b:11:58:11:84:11:84:11:Infinity":2,"s:12:2:12:Infinity":4}}}
,"E:\\claude\\inventory-system\\server\\src\\routes\\alerts.ts": {"path":"E:\\claude\\inventory-system\\server\\src\\routes\\alerts.ts","statementMap":{"0":{"start":{"line":5,"column":13},"end":{"line":5,"column":null}},"1":{"start":{"line":6,"column":0},"end":{"line":6,"column":null}},"2":{"start":{"line":9,"column":0},"end":{"line":220,"column":null}},"3":{"start":{"line":10,"column":20},"end":{"line":10,"column":null}},"4":{"start":{"line":11,"column":2},"end":{"line":13,"column":null}},"5":{"start":{"line":12,"column":4},"end":{"line":12,"column":null}},"6":{"start":{"line":16,"column":43},"end":{"line":16,"column":null}},"7":{"start":{"line":17,"column":2},"end":{"line":18,"column":null}},"8":{"start":{"line":17,"column":19},"end":{"line":17,"column":null}},"9":{"start":{"line":18,"column":7},"end":{"line":18,"column":null}},"10":{"start":{"line":18,"column":66},"end":{"line":18,"column":null}},"11":{"start":{"line":20,"column":28},"end":{"line":26,"column":null}},"12":{"start":{"line":29,"column":25},"end":{"line":32,"column":null}},"13":{"start":{"line":35,"column":23},"end":{"line":35,"column":null}},"14":{"start":{"line":35,"column":51},"end":{"line":35,"column":63}},"15":{"start":{"line":36,"column":24},"end":{"line":36,"column":null}},"16":{"start":{"line":36,"column":81},"end":{"line":36,"column":85}},"17":{"start":{"line":37,"column":26},"end":{"line":37,"column":null}},"18":{"start":{"line":37,"column":66},"end":{"line":37,"column":80}},"19":{"start":{"line":39,"column":27},"end":{"line":39,"column":null}},"20":{"start":{"line":40,"column":2},"end":{"line":55,"column":null}},"21":{"start":{"line":41,"column":46},"end":{"line":44,"column":null}},"22":{"start":{"line":45,"column":4},"end":{"line":46,"column":null}},"23":{"start":{"line":45,"column":21},"end":{"line":45,"column":null}},"24":{"start":{"line":46,"column":9},"end":{"line":46,"column":null}},"25":{"start":{"line":46,"column":68},"end":{"line":46,"column":null}},"26":{"start":{"line":48,"column":4},"end":{"line":54,"column":null}},"27":{"start":{"line":58,"column":19},"end":{"line":58,"column":null}},"28":{"start":{"line":59,"column":2},"end":{"line":71,"column":null}},"29":{"start":{"line":60,"column":16},"end":{"line":60,"column":null}},"30":{"start":{"line":61,"column":21},"end":{"line":61,"column":null}},"31":{"start":{"line":62,"column":4},"end":{"line":70,"column":null}},"32":{"start":{"line":63,"column":6},"end":{"line":63,"column":null}},"33":{"start":{"line":64,"column":6},"end":{"line":64,"column":null}},"34":{"start":{"line":66,"column":6},"end":{"line":69,"column":null}},"35":{"start":{"line":74,"column":18},"end":{"line":74,"column":null}},"36":{"start":{"line":75,"column":2},"end":{"line":79,"column":null}},"37":{"start":{"line":76,"column":4},"end":{"line":78,"column":null}},"38":{"start":{"line":77,"column":6},"end":{"line":77,"column":null}},"39":{"start":{"line":80,"column":16},"end":{"line":80,"column":null}},"40":{"start":{"line":81,"column":2},"end":{"line":81,"column":null}},"41":{"start":{"line":81,"column":26},"end":{"line":81,"column":null}},"42":{"start":{"line":92,"column":8},"end":{"line":92,"column":null}},"43":{"start":{"line":95,"column":2},"end":{"line":118,"column":null}},"44":{"start":{"line":96,"column":16},"end":{"line":96,"column":null}},"45":{"start":{"line":97,"column":18},"end":{"line":97,"column":null}},"46":{"start":{"line":98,"column":23},"end":{"line":98,"column":null}},"47":{"start":{"line":99,"column":4},"end":{"line":117,"column":null}},"48":{"start":{"line":100,"column":6},"end":{"line":116,"column":null}},"49":{"start":{"line":121,"column":24},"end":{"line":121,"column":null}},"50":{"start":{"line":122,"column":2},"end":{"line":152,"column":null}},"51":{"start":{"line":123,"column":4},"end":{"line":123,"column":null}},"52":{"start":{"line":123,"column":39},"end":{"line":123,"column":null}},"53":{"start":{"line":124,"column":33},"end":{"line":126,"column":null}},"54":{"start":{"line":126,"column":104},"end":{"line":126,"column":108}},"55":{"start":{"line":128,"column":4},"end":{"line":151,"column":null}},"56":{"start":{"line":129,"column":18},"end":{"line":129,"column":null}},"57":{"start":{"line":130,"column":20},"end":{"line":130,"column":null}},"58":{"start":{"line":131,"column":25},"end":{"line":131,"column":null}},"59":{"start":{"line":132,"column":6},"end":{"line":150,"column":null}},"60":{"start":{"line":133,"column":8},"end":{"line":149,"column":null}},"61":{"start":{"line":155,"column":14},"end":{"line":155,"column":null}},"62":{"start":{"line":156,"column":25},"end":{"line":159,"column":null}},"63":{"start":{"line":161,"column":2},"end":{"line":208,"column":null}},"64":{"start":{"line":162,"column":21},"end":{"line":162,"column":null}},"65":{"start":{"line":163,"column":4},"end":{"line":163,"column":null}},"66":{"start":{"line":163,"column":46},"end":{"line":163,"column":null}},"67":{"start":{"line":165,"column":47},"end":{"line":168,"column":null}},"68":{"start":{"line":169,"column":4},"end":{"line":170,"column":null}},"69":{"start":{"line":169,"column":21},"end":{"line":169,"column":null}},"70":{"start":{"line":170,"column":9},"end":{"line":170,"column":null}},"71":{"start":{"line":170,"column":68},"end":{"line":170,"column":null}},"72":{"start":{"line":172,"column":19},"end":{"line":175,"column":null}},"73":{"start":{"line":177,"column":4},"end":{"line":177,"column":null}},"74":{"start":{"line":177,"column":24},"end":{"line":177,"column":null}},"75":{"start":{"line":179,"column":19},"end":{"line":179,"column":null}},"76":{"start":{"line":180,"column":4},"end":{"line":184,"column":null}},"77":{"start":{"line":181,"column":16},"end":{"line":181,"column":null}},"78":{"start":{"line":182,"column":6},"end":{"line":183,"column":null}},"79":{"start":{"line":182,"column":15},"end":{"line":182,"column":36}},"80":{"start":{"line":182,"column":36},"end":{"line":182,"column":138}},"81":{"start":{"line":183,"column":11},"end":{"line":183,"column":null}},"82":{"start":{"line":186,"column":4},"end":{"line":207,"column":null}},"83":{"start":{"line":187,"column":6},"end":{"line":206,"column":null}},"84":{"start":{"line":210,"column":2},"end":{"line":217,"column":null}},"85":{"start":{"line":211,"column":17},"end":{"line":211,"column":null}},"86":{"start":{"line":212,"column":17},"end":{"line":212,"column":null}},"87":{"start":{"line":213,"column":4},"end":{"line":213,"column":null}},"88":{"start":{"line":213,"column":23},"end":{"line":213,"column":null}},"89":{"start":{"line":214,"column":4},"end":{"line":214,"column":null}},"90":{"start":{"line":214,"column":23},"end":{"line":214,"column":null}},"91":{"start":{"line":215,"column":4},"end":{"line":215,"column":null}},"92":{"start":{"line":215,"column":14},"end":{"line":215,"column":null}},"93":{"start":{"line":216,"column":4},"end":{"line":216,"column":null}},"94":{"start":{"line":219,"column":2},"end":{"line":219,"column":null}}},"fnMap":{"0":{"name":"(anonymous_0)","decl":{"start":{"line":9,"column":22},"end":{"line":9,"column":29}},"loc":{"start":{"line":9,"column":65},"end":{"line":220,"column":1}},"line":9},"1":{"name":"(anonymous_1)","decl":{"start":{"line":35,"column":41},"end":{"line":35,"column":45}},"loc":{"start":{"line":35,"column":51},"end":{"line":35,"column":63}},"line":35},"2":{"name":"(anonymous_2)","decl":{"start":{"line":36,"column":72},"end":{"line":36,"column":76}},"loc":{"start":{"line":36,"column":81},"end":{"line":36,"column":85}},"line":36},"3":{"name":"(anonymous_3)","decl":{"start":{"line":37,"column":56},"end":{"line":37,"column":60}},"loc":{"start":{"line":37,"column":66},"end":{"line":37,"column":80}},"line":37},"4":{"name":"(anonymous_4)","decl":{"start":{"line":126,"column":95},"end":{"line":126,"column":99}},"loc":{"start":{"line":126,"column":104},"end":{"line":126,"column":108}},"line":126},"5":{"name":"(anonymous_5)","decl":{"start":{"line":210,"column":9},"end":{"line":210,"column":15}},"loc":{"start":{"line":210,"column":24},"end":{"line":217,"column":3}},"line":210}},"branchMap":{"0":{"loc":{"start":{"line":10,"column":20},"end":{"line":10,"column":null}},"type":"cond-expr","locations":[{"start":{"line":10,"column":44},"end":{"line":10,"column":88}},{"start":{"line":10,"column":88},"end":{"line":10,"column":null}}],"line":10},"1":{"loc":{"start":{"line":11,"column":2},"end":{"line":13,"column":null}},"type":"if","locations":[{"start":{"line":11,"column":2},"end":{"line":13,"column":null}},{"start":{},"end":{}}],"line":11},"2":{"loc":{"start":{"line":11,"column":6},"end":{"line":11,"column":61}},"type":"binary-expr","locations":[{"start":{"line":11,"column":6},"end":{"line":11,"column":40}},{"start":{"line":11,"column":40},"end":{"line":11,"column":61}}],"line":11},"3":{"loc":{"start":{"line":17,"column":2},"end":{"line":18,"column":null}},"type":"if","locations":[{"start":{"line":17,"column":2},"end":{"line":18,"column":null}},{"start":{"line":18,"column":7},"end":{"line":18,"column":null}}],"line":17},"4":{"loc":{"start":{"line":18,"column":7},"end":{"line":18,"column":null}},"type":"if","locations":[{"start":{"line":18,"column":7},"end":{"line":18,"column":null}},{"start":{},"end":{}}],"line":18},"5":{"loc":{"start":{"line":18,"column":11},"end":{"line":18,"column":66}},"type":"binary-expr","locations":[{"start":{"line":18,"column":11},"end":{"line":18,"column":45}},{"start":{"line":18,"column":45},"end":{"line":18,"column":66}}],"line":18},"6":{"loc":{"start":{"line":40,"column":2},"end":{"line":55,"column":null}},"type":"if","locations":[{"start":{"line":40,"column":2},"end":{"line":55,"column":null}},{"start":{},"end":{}}],"line":40},"7":{"loc":{"start":{"line":45,"column":4},"end":{"line":46,"column":null}},"type":"if","locations":[{"start":{"line":45,"column":4},"end":{"line":46,"column":null}},{"start":{"line":46,"column":9},"end":{"line":46,"column":null}}],"line":45},"8":{"loc":{"start":{"line":46,"column":9},"end":{"line":46,"column":null}},"type":"if","locations":[{"start":{"line":46,"column":9},"end":{"line":46,"column":null}},{"start":{},"end":{}}],"line":46},"9":{"loc":{"start":{"line":46,"column":13},"end":{"line":46,"column":68}},"type":"binary-expr","locations":[{"start":{"line":46,"column":13},"end":{"line":46,"column":47}},{"start":{"line":46,"column":47},"end":{"line":46,"column":68}}],"line":46},"10":{"loc":{"start":{"line":62,"column":4},"end":{"line":70,"column":null}},"type":"if","locations":[{"start":{"line":62,"column":4},"end":{"line":70,"column":null}},{"start":{"line":65,"column":11},"end":{"line":70,"column":null}}],"line":62},"11":{"loc":{"start":{"line":64,"column":38},"end":{"line":64,"column":67}},"type":"binary-expr","locations":[{"start":{"line":64,"column":38},"end":{"line":64,"column":60}},{"start":{"line":64,"column":60},"end":{"line":64,"column":67}}],"line":64},"12":{"loc":{"start":{"line":64,"column":73},"end":{"line":64,"column":99}},"type":"binary-expr","locations":[{"start":{"line":64,"column":73},"end":{"line":64,"column":95}},{"start":{"line":64,"column":95},"end":{"line":64,"column":99}}],"line":64},"13":{"loc":{"start":{"line":68,"column":28},"end":{"line":68,"column":57}},"type":"binary-expr","locations":[{"start":{"line":68,"column":28},"end":{"line":68,"column":50}},{"start":{"line":68,"column":50},"end":{"line":68,"column":57}}],"line":68},"14":{"loc":{"start":{"line":68,"column":63},"end":{"line":68,"column":89}},"type":"binary-expr","locations":[{"start":{"line":68,"column":63},"end":{"line":68,"column":85}},{"start":{"line":68,"column":85},"end":{"line":68,"column":89}}],"line":68},"15":{"loc":{"start":{"line":76,"column":4},"end":{"line":78,"column":null}},"type":"if","locations":[{"start":{"line":76,"column":4},"end":{"line":78,"column":null}},{"start":{},"end":{}}],"line":76},"16":{"loc":{"start":{"line":76,"column":8},"end":{"line":76,"column":56}},"type":"binary-expr","locations":[{"start":{"line":76,"column":8},"end":{"line":76,"column":25}},{"start":{"line":76,"column":25},"end":{"line":76,"column":56}}],"line":76},"17":{"loc":{"start":{"line":98,"column":23},"end":{"line":98,"column":null}},"type":"binary-expr","locations":[{"start":{"line":98,"column":23},"end":{"line":98,"column":37}},{"start":{"line":98,"column":37},"end":{"line":98,"column":null}}],"line":98},"18":{"loc":{"start":{"line":99,"column":4},"end":{"line":117,"column":null}},"type":"if","locations":[{"start":{"line":99,"column":4},"end":{"line":117,"column":null}},{"start":{},"end":{}}],"line":99},"19":{"loc":{"start":{"line":115,"column":19},"end":{"line":115,"column":null}},"type":"binary-expr","locations":[{"start":{"line":115,"column":19},"end":{"line":115,"column":39}},{"start":{"line":115,"column":39},"end":{"line":115,"column":null}}],"line":115},"20":{"loc":{"start":{"line":123,"column":4},"end":{"line":123,"column":null}},"type":"if","locations":[{"start":{"line":123,"column":4},"end":{"line":123,"column":null}},{"start":{},"end":{}}],"line":123},"21":{"loc":{"start":{"line":124,"column":33},"end":{"line":126,"column":null}},"type":"cond-expr","locations":[{"start":{"line":125,"column":8},"end":{"line":125,"column":null}},{"start":{"line":126,"column":9},"end":{"line":126,"column":null}}],"line":124},"22":{"loc":{"start":{"line":126,"column":9},"end":{"line":126,"column":null}},"type":"cond-expr","locations":[{"start":{"line":126,"column":65},"end":{"line":126,"column":89}},{"start":{"line":126,"column":89},"end":{"line":126,"column":null}}],"line":126},"23":{"loc":{"start":{"line":126,"column":9},"end":{"line":126,"column":65}},"type":"binary-expr","locations":[{"start":{"line":126,"column":9},"end":{"line":126,"column":43}},{"start":{"line":126,"column":43},"end":{"line":126,"column":65}}],"line":126},"24":{"loc":{"start":{"line":131,"column":25},"end":{"line":131,"column":null}},"type":"binary-expr","locations":[{"start":{"line":131,"column":25},"end":{"line":131,"column":39}},{"start":{"line":131,"column":39},"end":{"line":131,"column":null}}],"line":131},"25":{"loc":{"start":{"line":132,"column":6},"end":{"line":150,"column":null}},"type":"if","locations":[{"start":{"line":132,"column":6},"end":{"line":150,"column":null}},{"start":{},"end":{}}],"line":132},"26":{"loc":{"start":{"line":144,"column":25},"end":{"line":144,"column":null}},"type":"binary-expr","locations":[{"start":{"line":144,"column":25},"end":{"line":144,"column":46}},{"start":{"line":144,"column":46},"end":{"line":144,"column":null}}],"line":144},"27":{"loc":{"start":{"line":148,"column":21},"end":{"line":148,"column":null}},"type":"binary-expr","locations":[{"start":{"line":148,"column":21},"end":{"line":148,"column":41}},{"start":{"line":148,"column":41},"end":{"line":148,"column":null}}],"line":148},"28":{"loc":{"start":{"line":163,"column":4},"end":{"line":163,"column":null}},"type":"if","locations":[{"start":{"line":163,"column":4},"end":{"line":163,"column":null}},{"start":{},"end":{}}],"line":163},"29":{"loc":{"start":{"line":169,"column":4},"end":{"line":170,"column":null}},"type":"if","locations":[{"start":{"line":169,"column":4},"end":{"line":170,"column":null}},{"start":{"line":170,"column":9},"end":{"line":170,"column":null}}],"line":169},"30":{"loc":{"start":{"line":170,"column":9},"end":{"line":170,"column":null}},"type":"if","locations":[{"start":{"line":170,"column":9},"end":{"line":170,"column":null}},{"start":{},"end":{}}],"line":170},"31":{"loc":{"start":{"line":170,"column":13},"end":{"line":170,"column":68}},"type":"binary-expr","locations":[{"start":{"line":170,"column":13},"end":{"line":170,"column":47}},{"start":{"line":170,"column":47},"end":{"line":170,"column":68}}],"line":170},"32":{"loc":{"start":{"line":177,"column":4},"end":{"line":177,"column":null}},"type":"if","locations":[{"start":{"line":177,"column":4},"end":{"line":177,"column":null}},{"start":{},"end":{}}],"line":177},"33":{"loc":{"start":{"line":182,"column":6},"end":{"line":183,"column":null}},"type":"if","locations":[{"start":{"line":182,"column":6},"end":{"line":183,"column":null}},{"start":{"line":183,"column":11},"end":{"line":183,"column":null}}],"line":182},"34":{"loc":{"start":{"line":182,"column":61},"end":{"line":182,"column":88}},"type":"binary-expr","locations":[{"start":{"line":182,"column":61},"end":{"line":182,"column":81}},{"start":{"line":182,"column":81},"end":{"line":182,"column":88}}],"line":182},"35":{"loc":{"start":{"line":182,"column":94},"end":{"line":182,"column":118}},"type":"binary-expr","locations":[{"start":{"line":182,"column":94},"end":{"line":182,"column":114}},{"start":{"line":182,"column":114},"end":{"line":182,"column":118}}],"line":182},"36":{"loc":{"start":{"line":183,"column":64},"end":{"line":183,"column":89}},"type":"binary-expr","locations":[{"start":{"line":183,"column":64},"end":{"line":183,"column":85}},{"start":{"line":183,"column":85},"end":{"line":183,"column":89}}],"line":183},"37":{"loc":{"start":{"line":183,"column":109},"end":{"line":183,"column":136}},"type":"binary-expr","locations":[{"start":{"line":183,"column":109},"end":{"line":183,"column":129}},{"start":{"line":183,"column":129},"end":{"line":183,"column":136}}],"line":183},"38":{"loc":{"start":{"line":183,"column":142},"end":{"line":183,"column":166}},"type":"binary-expr","locations":[{"start":{"line":183,"column":142},"end":{"line":183,"column":162}},{"start":{"line":183,"column":162},"end":{"line":183,"column":166}}],"line":183},"39":{"loc":{"start":{"line":213,"column":4},"end":{"line":213,"column":null}},"type":"if","locations":[{"start":{"line":213,"column":4},"end":{"line":213,"column":null}},{"start":{},"end":{}}],"line":213},"40":{"loc":{"start":{"line":213,"column":8},"end":{"line":213,"column":23}},"type":"binary-expr","locations":[{"start":{"line":213,"column":8},"end":{"line":213,"column":16}},{"start":{"line":213,"column":16},"end":{"line":213,"column":23}}],"line":213},"41":{"loc":{"start":{"line":214,"column":4},"end":{"line":214,"column":null}},"type":"if","locations":[{"start":{"line":214,"column":4},"end":{"line":214,"column":null}},{"start":{},"end":{}}],"line":214},"42":{"loc":{"start":{"line":214,"column":8},"end":{"line":214,"column":23}},"type":"binary-expr","locations":[{"start":{"line":214,"column":8},"end":{"line":214,"column":17}},{"start":{"line":214,"column":17},"end":{"line":214,"column":23}}],"line":214},"43":{"loc":{"start":{"line":215,"column":4},"end":{"line":215,"column":null}},"type":"if","locations":[{"start":{"line":215,"column":4},"end":{"line":215,"column":null}},{"start":{},"end":{}}],"line":215}},"s":{"0":1,"1":1,"2":1,"3":0,"4":0,"5":0,"6":0,"7":0,"8":0,"9":0,"10":0,"11":0,"12":0,"13":0,"14":0,"15":0,"16":0,"17":0,"18":0,"19":0,"20":0,"21":0,"22":0,"23":0,"24":0,"25":0,"26":0,"27":0,"28":0,"29":0,"30":0,"31":0,"32":0,"33":0,"34":0,"35":0,"36":0,"37":0,"38":0,"39":0,"40":0,"41":0,"42":0,"43":0,"44":0,"45":0,"46":0,"47":0,"48":0,"49":0,"50":0,"51":0,"52":0,"53":0,"54":0,"55":0,"56":0,"57":0,"58":0,"59":0,"60":0,"61":0,"62":0,"63":0,"64":0,"65":0,"66":0,"67":0,"68":0,"69":0,"70":0,"71":0,"72":0,"73":0,"74":0,"75":0,"76":0,"77":0,"78":0,"79":0,"80":0,"81":0,"82":0,"83":0,"84":0,"85":0,"86":0,"87":0,"88":0,"89":0,"90":0,"91":0,"92":0,"93":0,"94":0},"f":{"0":0,"1":0,"2":0,"3":0,"4":0,"5":0},"b":{"0":[0,0],"1":[0,0],"2":[0,0],"3":[0,0],"4":[0,0],"5":[0,0],"6":[0,0],"7":[0,0],"8":[0,0],"9":[0,0],"10":[0,0],"11":[0,0],"12":[0,0],"13":[0,0],"14":[0,0],"15":[0,0],"16":[0,0],"17":[0,0],"18":[0,0],"19":[0,0],"20":[0,0],"21":[0,0],"22":[0,0],"23":[0,0],"24":[0,0],"25":[0,0],"26":[0,0],"27":[0,0],"28":[0,0],"29":[0,0],"30":[0,0],"31":[0,0],"32":[0,0],"33":[0,0],"34":[0,0],"35":[0,0],"36":[0,0],"37":[0,0],"38":[0,0],"39":[0,0],"40":[0,0],"41":[0,0],"42":[0,0],"43":[0,0]},"meta":{"lastBranch":44,"lastFunction":6,"lastStatement":95,"seen":{"s:5:13:5:Infinity":0,"s:6:0:6:Infinity":1,"s:9:0:220:Infinity":2,"f:9:22:9:29":0,"s:10:20:10:Infinity":3,"b:10:44:10:88:10:88:10:Infinity":0,"b:11:2:13:Infinity:undefined:undefined:undefined:undefined":1,"s:11:2:13:Infinity":4,"b:11:6:11:40:11:40:11:61":2,"s:12:4:12:Infinity":5,"s:16:43:16:Infinity":6,"b:17:2:18:Infinity:18:7:18:Infinity":3,"s:17:2:18:Infinity":7,"s:17:19:17:Infinity":8,"b:18:7:18:Infinity:undefined:undefined:undefined:undefined":4,"s:18:7:18:Infinity":9,"b:18:11:18:45:18:45:18:66":5,"s:18:66:18:Infinity":10,"s:20:28:26:Infinity":11,"s:29:25:32:Infinity":12,"s:35:23:35:Infinity":13,"f:35:41:35:45":1,"s:35:51:35:63":14,"s:36:24:36:Infinity":15,"f:36:72:36:76":2,"s:36:81:36:85":16,"s:37:26:37:Infinity":17,"f:37:56:37:60":3,"s:37:66:37:80":18,"s:39:27:39:Infinity":19,"b:40:2:55:Infinity:undefined:undefined:undefined:undefined":6,"s:40:2:55:Infinity":20,"s:41:46:44:Infinity":21,"b:45:4:46:Infinity:46:9:46:Infinity":7,"s:45:4:46:Infinity":22,"s:45:21:45:Infinity":23,"b:46:9:46:Infinity:undefined:undefined:undefined:undefined":8,"s:46:9:46:Infinity":24,"b:46:13:46:47:46:47:46:68":9,"s:46:68:46:Infinity":25,"s:48:4:54:Infinity":26,"s:58:19:58:Infinity":27,"s:59:2:71:Infinity":28,"s:60:16:60:Infinity":29,"s:61:21:61:Infinity":30,"b:62:4:70:Infinity:65:11:70:Infinity":10,"s:62:4:70:Infinity":31,"s:63:6:63:Infinity":32,"s:64:6:64:Infinity":33,"b:64:38:64:60:64:60:64:67":11,"b:64:73:64:95:64:95:64:99":12,"s:66:6:69:Infinity":34,"b:68:28:68:50:68:50:68:57":13,"b:68:63:68:85:68:85:68:89":14,"s:74:18:74:Infinity":35,"s:75:2:79:Infinity":36,"b:76:4:78:Infinity:undefined:undefined:undefined:undefined":15,"s:76:4:78:Infinity":37,"b:76:8:76:25:76:25:76:56":16,"s:77:6:77:Infinity":38,"s:80:16:80:Infinity":39,"s:81:2:81:Infinity":40,"s:81:26:81:Infinity":41,"s:92:8:92:Infinity":42,"s:95:2:118:Infinity":43,"s:96:16:96:Infinity":44,"s:97:18:97:Infinity":45,"s:98:23:98:Infinity":46,"b:98:23:98:37:98:37:98:Infinity":17,"b:99:4:117:Infinity:undefined:undefined:undefined:undefined":18,"s:99:4:117:Infinity":47,"s:100:6:116:Infinity":48,"b:115:19:115:39:115:39:115:Infinity":19,"s:121:24:121:Infinity":49,"s:122:2:152:Infinity":50,"b:123:4:123:Infinity:undefined:undefined:undefined:undefined":20,"s:123:4:123:Infinity":51,"s:123:39:123:Infinity":52,"s:124:33:126:Infinity":53,"b:125:8:125:Infinity:126:9:126:Infinity":21,"b:126:65:126:89:126:89:126:Infinity":22,"b:126:9:126:43:126:43:126:65":23,"f:126:95:126:99":4,"s:126:104:126:108":54,"s:128:4:151:Infinity":55,"s:129:18:129:Infinity":56,"s:130:20:130:Infinity":57,"s:131:25:131:Infinity":58,"b:131:25:131:39:131:39:131:Infinity":24,"b:132:6:150:Infinity:undefined:undefined:undefined:undefined":25,"s:132:6:150:Infinity":59,"s:133:8:149:Infinity":60,"b:144:25:144:46:144:46:144:Infinity":26,"b:148:21:148:41:148:41:148:Infinity":27,"s:155:14:155:Infinity":61,"s:156:25:159:Infinity":62,"s:161:2:208:Infinity":63,"s:162:21:162:Infinity":64,"b:163:4:163:Infinity:undefined:undefined:undefined:undefined":28,"s:163:4:163:Infinity":65,"s:163:46:163:Infinity":66,"s:165:47:168:Infinity":67,"b:169:4:170:Infinity:170:9:170:Infinity":29,"s:169:4:170:Infinity":68,"s:169:21:169:Infinity":69,"b:170:9:170:Infinity:undefined:undefined:undefined:undefined":30,"s:170:9:170:Infinity":70,"b:170:13:170:47:170:47:170:68":31,"s:170:68:170:Infinity":71,"s:172:19:175:Infinity":72,"b:177:4:177:Infinity:undefined:undefined:undefined:undefined":32,"s:177:4:177:Infinity":73,"s:177:24:177:Infinity":74,"s:179:19:179:Infinity":75,"s:180:4:184:Infinity":76,"s:181:16:181:Infinity":77,"b:182:6:183:Infinity:183:11:183:Infinity":33,"s:182:6:183:Infinity":78,"s:182:15:182:36":79,"s:182:36:182:138":80,"b:182:61:182:81:182:81:182:88":34,"b:182:94:182:114:182:114:182:118":35,"s:183:11:183:Infinity":81,"b:183:64:183:85:183:85:183:89":36,"b:183:109:183:129:183:129:183:136":37,"b:183:142:183:162:183:162:183:166":38,"s:186:4:207:Infinity":82,"s:187:6:206:Infinity":83,"s:210:2:217:Infinity":84,"f:210:9:210:15":5,"s:211:17:211:Infinity":85,"s:212:17:212:Infinity":86,"b:213:4:213:Infinity:undefined:undefined:undefined:undefined":39,"s:213:4:213:Infinity":87,"b:213:8:213:16:213:16:213:23":40,"s:213:23:213:Infinity":88,"b:214:4:214:Infinity:undefined:undefined:undefined:undefined":41,"s:214:4:214:Infinity":89,"b:214:8:214:17:214:17:214:23":42,"s:214:23:214:Infinity":90,"b:215:4:215:Infinity:undefined:undefined:undefined:undefined":43,"s:215:4:215:Infinity":91,"s:215:14:215:Infinity":92,"s:216:4:216:Infinity":93,"s:219:2:219:Infinity":94}}}
,"E:\\claude\\inventory-system\\server\\src\\routes\\app.ts": {"path":"E:\\claude\\inventory-system\\server\\src\\routes\\app.ts","statementMap":{"0":{"start":{"line":7,"column":6},"end":{"line":7,"column":null}},"1":{"start":{"line":8,"column":18},"end":{"line":8,"column":null}},"2":{"start":{"line":10,"column":13},"end":{"line":10,"column":null}},"3":{"start":{"line":12,"column":15},"end":{"line":12,"column":null}},"4":{"start":{"line":13,"column":20},"end":{"line":13,"column":null}},"5":{"start":{"line":16,"column":0},"end":{"line":33,"column":null}},"6":{"start":{"line":17,"column":2},"end":{"line":32,"column":null}},"7":{"start":{"line":18,"column":4},"end":{"line":21,"column":null}},"8":{"start":{"line":19,"column":6},"end":{"line":19,"column":null}},"9":{"start":{"line":20,"column":6},"end":{"line":20,"column":null}},"10":{"start":{"line":22,"column":17},"end":{"line":22,"column":null}},"11":{"start":{"line":23,"column":21},"end":{"line":23,"column":null}},"12":{"start":{"line":24,"column":17},"end":{"line":24,"column":null}},"13":{"start":{"line":25,"column":4},"end":{"line":27,"column":null}},"14":{"start":{"line":26,"column":6},"end":{"line":26,"column":null}},"15":{"start":{"line":28,"column":4},"end":{"line":28,"column":null}},"16":{"start":{"line":30,"column":4},"end":{"line":30,"column":null}},"17":{"start":{"line":31,"column":4},"end":{"line":31,"column":null}},"18":{"start":{"line":36,"column":0},"end":{"line":65,"column":null}},"19":{"start":{"line":37,"column":2},"end":{"line":64,"column":null}},"20":{"start":{"line":38,"column":4},"end":{"line":41,"column":null}},"21":{"start":{"line":39,"column":6},"end":{"line":39,"column":null}},"22":{"start":{"line":40,"column":6},"end":{"line":40,"column":null}},"23":{"start":{"line":42,"column":18},"end":{"line":52,"column":null}},"24":{"start":{"line":43,"column":21},"end":{"line":43,"column":39}},"25":{"start":{"line":45,"column":14},"end":{"line":50,"column":null}},"26":{"start":{"line":46,"column":20},"end":{"line":46,"column":null}},"27":{"start":{"line":47,"column":10},"end":{"line":47,"column":null}},"28":{"start":{"line":47,"column":18},"end":{"line":47,"column":null}},"29":{"start":{"line":48,"column":24},"end":{"line":48,"column":null}},"30":{"start":{"line":49,"column":10},"end":{"line":49,"column":null}},"31":{"start":{"line":51,"column":8},"end":{"line":51,"column":null}},"32":{"start":{"line":53,"column":4},"end":{"line":56,"column":null}},"33":{"start":{"line":54,"column":6},"end":{"line":54,"column":null}},"34":{"start":{"line":55,"column":6},"end":{"line":55,"column":null}},"35":{"start":{"line":57,"column":20},"end":{"line":57,"column":null}},"36":{"start":{"line":58,"column":4},"end":{"line":58,"column":null}},"37":{"start":{"line":59,"column":4},"end":{"line":59,"column":null}},"38":{"start":{"line":60,"column":4},"end":{"line":60,"column":null}},"39":{"start":{"line":62,"column":4},"end":{"line":62,"column":null}},"40":{"start":{"line":63,"column":4},"end":{"line":63,"column":null}},"41":{"start":{"line":68,"column":0},"end":{"line":82,"column":null}},"42":{"start":{"line":69,"column":2},"end":{"line":81,"column":null}},"43":{"start":{"line":70,"column":21},"end":{"line":70,"column":null}},"44":{"start":{"line":71,"column":18},"end":{"line":71,"column":null}},"45":{"start":{"line":72,"column":4},"end":{"line":76,"column":null}},"46":{"start":{"line":73,"column":6},"end":{"line":73,"column":null}},"47":{"start":{"line":75,"column":6},"end":{"line":75,"column":null}},"48":{"start":{"line":77,"column":4},"end":{"line":77,"column":null}},"49":{"start":{"line":79,"column":4},"end":{"line":79,"column":null}},"50":{"start":{"line":80,"column":4},"end":{"line":80,"column":null}},"51":{"start":{"line":85,"column":0},"end":{"line":92,"column":null}},"52":{"start":{"line":86,"column":2},"end":{"line":91,"column":null}},"53":{"start":{"line":87,"column":20},"end":{"line":87,"column":null}},"54":{"start":{"line":88,"column":4},"end":{"line":88,"column":null}},"55":{"start":{"line":90,"column":4},"end":{"line":90,"column":null}}},"fnMap":{"0":{"name":"(anonymous_0)","decl":{"start":{"line":16,"column":14},"end":{"line":16,"column":27}},"loc":{"start":{"line":16,"column":60},"end":{"line":33,"column":1}},"line":16},"1":{"name":"(anonymous_1)","decl":{"start":{"line":36,"column":14},"end":{"line":36,"column":35}},"loc":{"start":{"line":36,"column":68},"end":{"line":65,"column":1}},"line":36},"2":{"name":"(anonymous_2)","decl":{"start":{"line":43,"column":7},"end":{"line":43,"column":15}},"loc":{"start":{"line":43,"column":21},"end":{"line":43,"column":39}},"line":43},"3":{"name":"(anonymous_3)","decl":{"start":{"line":44,"column":7},"end":{"line":44,"column":13}},"loc":{"start":{"line":44,"column":22},"end":{"line":52,"column":7}},"line":44},"4":{"name":"(anonymous_4)","decl":{"start":{"line":45,"column":14},"end":{"line":45,"column":24}},"loc":{"start":{"line":45,"column":41},"end":{"line":50,"column":null}},"line":45},"5":{"name":"(anonymous_5)","decl":{"start":{"line":68,"column":36},"end":{"line":68,"column":43}},"loc":{"start":{"line":68,"column":76},"end":{"line":82,"column":1}},"line":68},"6":{"name":"(anonymous_6)","decl":{"start":{"line":85,"column":35},"end":{"line":85,"column":42}},"loc":{"start":{"line":85,"column":75},"end":{"line":92,"column":1}},"line":85}},"branchMap":{"0":{"loc":{"start":{"line":18,"column":4},"end":{"line":21,"column":null}},"type":"if","locations":[{"start":{"line":18,"column":4},"end":{"line":21,"column":null}},{"start":{},"end":{}}],"line":18},"1":{"loc":{"start":{"line":23,"column":21},"end":{"line":23,"column":null}},"type":"binary-expr","locations":[{"start":{"line":23,"column":21},"end":{"line":23,"column":54}},{"start":{"line":23,"column":54},"end":{"line":23,"column":null}}],"line":23},"2":{"loc":{"start":{"line":24,"column":17},"end":{"line":24,"column":null}},"type":"binary-expr","locations":[{"start":{"line":24,"column":17},"end":{"line":24,"column":37}},{"start":{"line":24,"column":37},"end":{"line":24,"column":null}}],"line":24},"3":{"loc":{"start":{"line":25,"column":4},"end":{"line":27,"column":null}},"type":"if","locations":[{"start":{"line":25,"column":4},"end":{"line":27,"column":null}},{"start":{},"end":{}}],"line":25},"4":{"loc":{"start":{"line":25,"column":8},"end":{"line":25,"column":62}},"type":"binary-expr","locations":[{"start":{"line":25,"column":8},"end":{"line":25,"column":28}},{"start":{"line":25,"column":28},"end":{"line":25,"column":62}}],"line":25},"5":{"loc":{"start":{"line":38,"column":4},"end":{"line":41,"column":null}},"type":"if","locations":[{"start":{"line":38,"column":4},"end":{"line":41,"column":null}},{"start":{},"end":{}}],"line":38},"6":{"loc":{"start":{"line":47,"column":10},"end":{"line":47,"column":null}},"type":"if","locations":[{"start":{"line":47,"column":10},"end":{"line":47,"column":null}},{"start":{},"end":{}}],"line":47},"7":{"loc":{"start":{"line":49,"column":18},"end":{"line":49,"column":35}},"type":"binary-expr","locations":[{"start":{"line":49,"column":18},"end":{"line":49,"column":30}},{"start":{"line":49,"column":30},"end":{"line":49,"column":35}}],"line":49},"8":{"loc":{"start":{"line":49,"column":46},"end":{"line":49,"column":63}},"type":"binary-expr","locations":[{"start":{"line":49,"column":46},"end":{"line":49,"column":58}},{"start":{"line":49,"column":58},"end":{"line":49,"column":63}}],"line":49},"9":{"loc":{"start":{"line":49,"column":71},"end":{"line":49,"column":null}},"type":"binary-expr","locations":[{"start":{"line":49,"column":71},"end":{"line":49,"column":83}},{"start":{"line":49,"column":83},"end":{"line":49,"column":null}}],"line":49},"10":{"loc":{"start":{"line":53,"column":4},"end":{"line":56,"column":null}},"type":"if","locations":[{"start":{"line":53,"column":4},"end":{"line":56,"column":null}},{"start":{},"end":{}}],"line":53},"11":{"loc":{"start":{"line":71,"column":25},"end":{"line":71,"column":47}},"type":"binary-expr","locations":[{"start":{"line":71,"column":25},"end":{"line":71,"column":44}},{"start":{"line":71,"column":44},"end":{"line":71,"column":47}}],"line":71},"12":{"loc":{"start":{"line":72,"column":4},"end":{"line":76,"column":null}},"type":"if","locations":[{"start":{"line":72,"column":4},"end":{"line":76,"column":null}},{"start":{"line":74,"column":11},"end":{"line":76,"column":null}}],"line":72},"13":{"loc":{"start":{"line":88,"column":29},"end":{"line":88,"column":50}},"type":"binary-expr","locations":[{"start":{"line":88,"column":29},"end":{"line":88,"column":47}},{"start":{"line":88,"column":47},"end":{"line":88,"column":50}}],"line":88}},"s":{"0":0,"1":0,"2":0,"3":0,"4":0,"5":0,"6":0,"7":0,"8":0,"9":0,"10":0,"11":0,"12":0,"13":0,"14":0,"15":0,"16":0,"17":0,"18":0,"19":0,"20":0,"21":0,"22":0,"23":0,"24":0,"25":0,"26":0,"27":0,"28":0,"29":0,"30":0,"31":0,"32":0,"33":0,"34":0,"35":0,"36":0,"37":0,"38":0,"39":0,"40":0,"41":0,"42":0,"43":0,"44":0,"45":0,"46":0,"47":0,"48":0,"49":0,"50":0,"51":0,"52":0,"53":0,"54":0,"55":0},"f":{"0":0,"1":0,"2":0,"3":0,"4":0,"5":0,"6":0},"b":{"0":[0,0],"1":[0,0],"2":[0,0],"3":[0,0],"4":[0,0],"5":[0,0],"6":[0,0],"7":[0,0],"8":[0,0],"9":[0,0],"10":[0,0],"11":[0,0],"12":[0,0],"13":[0,0]},"meta":{"lastBranch":14,"lastFunction":7,"lastStatement":56,"seen":{"s:7:6:7:Infinity":0,"s:8:18:8:Infinity":1,"s:10:13:10:Infinity":2,"s:12:15:12:Infinity":3,"s:13:20:13:Infinity":4,"s:16:0:33:Infinity":5,"f:16:14:16:27":0,"s:17:2:32:Infinity":6,"b:18:4:21:Infinity:undefined:undefined:undefined:undefined":0,"s:18:4:21:Infinity":7,"s:19:6:19:Infinity":8,"s:20:6:20:Infinity":9,"s:22:17:22:Infinity":10,"s:23:21:23:Infinity":11,"b:23:21:23:54:23:54:23:Infinity":1,"s:24:17:24:Infinity":12,"b:24:17:24:37:24:37:24:Infinity":2,"b:25:4:27:Infinity:undefined:undefined:undefined:undefined":3,"s:25:4:27:Infinity":13,"b:25:8:25:28:25:28:25:62":4,"s:26:6:26:Infinity":14,"s:28:4:28:Infinity":15,"s:30:4:30:Infinity":16,"s:31:4:31:Infinity":17,"s:36:0:65:Infinity":18,"f:36:14:36:35":1,"s:37:2:64:Infinity":19,"b:38:4:41:Infinity:undefined:undefined:undefined:undefined":5,"s:38:4:41:Infinity":20,"s:39:6:39:Infinity":21,"s:40:6:40:Infinity":22,"s:42:18:52:Infinity":23,"f:43:7:43:15":2,"s:43:21:43:39":24,"f:44:7:44:13":3,"s:45:14:50:Infinity":25,"f:45:14:45:24":4,"s:46:20:46:Infinity":26,"b:47:10:47:Infinity:undefined:undefined:undefined:undefined":6,"s:47:10:47:Infinity":27,"s:47:18:47:Infinity":28,"s:48:24:48:Infinity":29,"s:49:10:49:Infinity":30,"b:49:18:49:30:49:30:49:35":7,"b:49:46:49:58:49:58:49:63":8,"b:49:71:49:83:49:83:49:Infinity":9,"s:51:8:51:Infinity":31,"b:53:4:56:Infinity:undefined:undefined:undefined:undefined":10,"s:53:4:56:Infinity":32,"s:54:6:54:Infinity":33,"s:55:6:55:Infinity":34,"s:57:20:57:Infinity":35,"s:58:4:58:Infinity":36,"s:59:4:59:Infinity":37,"s:60:4:60:Infinity":38,"s:62:4:62:Infinity":39,"s:63:4:63:Infinity":40,"s:68:0:82:Infinity":41,"f:68:36:68:43":5,"s:69:2:81:Infinity":42,"s:70:21:70:Infinity":43,"s:71:18:71:Infinity":44,"b:71:25:71:44:71:44:71:47":11,"b:72:4:76:Infinity:74:11:76:Infinity":12,"s:72:4:76:Infinity":45,"s:73:6:73:Infinity":46,"s:75:6:75:Infinity":47,"s:77:4:77:Infinity":48,"s:79:4:79:Infinity":49,"s:80:4:80:Infinity":50,"s:85:0:92:Infinity":51,"f:85:35:85:42":6,"s:86:2:91:Infinity":52,"s:87:20:87:Infinity":53,"s:88:4:88:Infinity":54,"b:88:29:88:47:88:47:88:50":13,"s:90:4:90:Infinity":55}}}
,"E:\\claude\\inventory-system\\server\\src\\routes\\auth.ts": {"path":"E:\\claude\\inventory-system\\server\\src\\routes\\auth.ts","statementMap":{"0":{"start":{"line":7,"column":23},"end":{"line":7,"column":null}},"1":{"start":{"line":8,"column":23},"end":{"line":8,"column":null}},"2":{"start":{"line":10,"column":6},"end":{"line":10,"column":null}},"3":{"start":{"line":13,"column":2},"end":{"line":19,"column":null}},"4":{"start":{"line":22,"column":13},"end":{"line":22,"column":null}},"5":{"start":{"line":25,"column":21},"end":{"line":25,"column":null}},"6":{"start":{"line":26,"column":19},"end":{"line":26,"column":null}},"7":{"start":{"line":27,"column":21},"end":{"line":27,"column":null}},"8":{"start":{"line":30,"column":16},"end":{"line":30,"column":null}},"9":{"start":{"line":31,"column":2},"end":{"line":31,"column":null}},"10":{"start":{"line":31,"column":14},"end":{"line":31,"column":null}},"11":{"start":{"line":32,"column":2},"end":{"line":35,"column":null}},"12":{"start":{"line":33,"column":17},"end":{"line":33,"column":null}},"13":{"start":{"line":34,"column":4},"end":{"line":34,"column":null}},"14":{"start":{"line":36,"column":2},"end":{"line":38,"column":null}},"15":{"start":{"line":39,"column":2},"end":{"line":39,"column":null}},"16":{"start":{"line":43,"column":16},"end":{"line":43,"column":null}},"17":{"start":{"line":44,"column":2},"end":{"line":44,"column":null}},"18":{"start":{"line":45,"column":2},"end":{"line":47,"column":null}},"19":{"start":{"line":46,"column":4},"end":{"line":46,"column":null}},"20":{"start":{"line":48,"column":2},"end":{"line":48,"column":null}},"21":{"start":{"line":52,"column":2},"end":{"line":52,"column":null}},"22":{"start":{"line":56,"column":0},"end":{"line":159,"column":null}},"23":{"start":{"line":57,"column":2},"end":{"line":158,"column":null}},"24":{"start":{"line":58,"column":43},"end":{"line":58,"column":null}},"25":{"start":{"line":59,"column":23},"end":{"line":59,"column":null}},"26":{"start":{"line":60,"column":4},"end":{"line":62,"column":null}},"27":{"start":{"line":61,"column":6},"end":{"line":61,"column":null}},"28":{"start":{"line":65,"column":20},"end":{"line":65,"column":null}},"29":{"start":{"line":66,"column":4},"end":{"line":66,"column":null}},"30":{"start":{"line":66,"column":17},"end":{"line":66,"column":null}},"31":{"start":{"line":69,"column":17},"end":{"line":69,"column":null}},"32":{"start":{"line":70,"column":4},"end":{"line":93,"column":null}},"33":{"start":{"line":71,"column":20},"end":{"line":71,"column":null}},"34":{"start":{"line":72,"column":6},"end":{"line":75,"column":null}},"35":{"start":{"line":73,"column":8},"end":{"line":73,"column":null}},"36":{"start":{"line":74,"column":8},"end":{"line":74,"column":null}},"37":{"start":{"line":76,"column":23},"end":{"line":76,"column":null}},"38":{"start":{"line":77,"column":6},"end":{"line":80,"column":null}},"39":{"start":{"line":78,"column":19},"end":{"line":78,"column":null}},"40":{"start":{"line":79,"column":8},"end":{"line":79,"column":null}},"41":{"start":{"line":81,"column":32},"end":{"line":81,"column":null}},"42":{"start":{"line":82,"column":12},"end":{"line":82,"column":null}},"43":{"start":{"line":83,"column":6},"end":{"line":83,"column":null}},"44":{"start":{"line":84,"column":20},"end":{"line":88,"column":null}},"45":{"start":{"line":89,"column":43},"end":{"line":89,"column":null}},"46":{"start":{"line":90,"column":6},"end":{"line":90,"column":null}},"47":{"start":{"line":91,"column":6},"end":{"line":91,"column":null}},"48":{"start":{"line":92,"column":6},"end":{"line":92,"column":null}},"49":{"start":{"line":96,"column":21},"end":{"line":99,"column":null}},"50":{"start":{"line":100,"column":4},"end":{"line":151,"column":null}},"51":{"start":{"line":102,"column":6},"end":{"line":105,"column":null}},"52":{"start":{"line":103,"column":8},"end":{"line":103,"column":null}},"53":{"start":{"line":104,"column":8},"end":{"line":104,"column":null}},"54":{"start":{"line":106,"column":6},"end":{"line":108,"column":null}},"55":{"start":{"line":107,"column":8},"end":{"line":107,"column":null}},"56":{"start":{"line":109,"column":20},"end":{"line":109,"column":null}},"57":{"start":{"line":110,"column":6},"end":{"line":113,"column":null}},"58":{"start":{"line":111,"column":8},"end":{"line":111,"column":null}},"59":{"start":{"line":112,"column":8},"end":{"line":112,"column":null}},"60":{"start":{"line":117,"column":6},"end":{"line":122,"column":null}},"61":{"start":{"line":118,"column":25},"end":{"line":118,"column":null}},"62":{"start":{"line":119,"column":8},"end":{"line":121,"column":null}},"63":{"start":{"line":120,"column":10},"end":{"line":120,"column":null}},"64":{"start":{"line":123,"column":6},"end":{"line":125,"column":null}},"65":{"start":{"line":124,"column":8},"end":{"line":124,"column":null}},"66":{"start":{"line":127,"column":26},"end":{"line":127,"column":null}},"67":{"start":{"line":128,"column":55},"end":{"line":128,"column":null}},"68":{"start":{"line":131,"column":6},"end":{"line":138,"column":null}},"69":{"start":{"line":132,"column":30},"end":{"line":136,"column":null}},"70":{"start":{"line":137,"column":8},"end":{"line":137,"column":null}},"71":{"start":{"line":140,"column":32},"end":{"line":140,"column":null}},"72":{"start":{"line":141,"column":12},"end":{"line":141,"column":null}},"73":{"start":{"line":142,"column":6},"end":{"line":142,"column":null}},"74":{"start":{"line":143,"column":20},"end":{"line":147,"column":null}},"75":{"start":{"line":148,"column":6},"end":{"line":148,"column":null}},"76":{"start":{"line":149,"column":6},"end":{"line":149,"column":null}},"77":{"start":{"line":150,"column":6},"end":{"line":150,"column":null}},"78":{"start":{"line":153,"column":8},"end":{"line":153,"column":null}},"79":{"start":{"line":154,"column":4},"end":{"line":154,"column":null}},"80":{"start":{"line":156,"column":4},"end":{"line":156,"column":null}},"81":{"start":{"line":157,"column":4},"end":{"line":157,"column":null}},"82":{"start":{"line":162,"column":0},"end":{"line":189,"column":null}},"83":{"start":{"line":163,"column":2},"end":{"line":188,"column":null}},"84":{"start":{"line":164,"column":4},"end":{"line":166,"column":null}},"85":{"start":{"line":165,"column":6},"end":{"line":165,"column":null}},"86":{"start":{"line":167,"column":27},"end":{"line":167,"column":null}},"87":{"start":{"line":168,"column":4},"end":{"line":168,"column":null}},"88":{"start":{"line":168,"column":21},"end":{"line":168,"column":null}},"89":{"start":{"line":170,"column":21},"end":{"line":173,"column":null}},"90":{"start":{"line":174,"column":4},"end":{"line":174,"column":null}},"91":{"start":{"line":174,"column":19},"end":{"line":174,"column":null}},"92":{"start":{"line":176,"column":24},"end":{"line":176,"column":null}},"93":{"start":{"line":177,"column":18},"end":{"line":181,"column":null}},"94":{"start":{"line":182,"column":41},"end":{"line":182,"column":null}},"95":{"start":{"line":183,"column":6},"end":{"line":183,"column":null}},"96":{"start":{"line":184,"column":4},"end":{"line":184,"column":null}},"97":{"start":{"line":186,"column":4},"end":{"line":186,"column":null}},"98":{"start":{"line":187,"column":4},"end":{"line":187,"column":null}},"99":{"start":{"line":192,"column":0},"end":{"line":212,"column":null}},"100":{"start":{"line":193,"column":2},"end":{"line":211,"column":null}},"101":{"start":{"line":194,"column":4},"end":{"line":202,"column":null}},"102":{"start":{"line":195,"column":23},"end":{"line":198,"column":null}},"103":{"start":{"line":199,"column":6},"end":{"line":199,"column":null}},"104":{"start":{"line":199,"column":21},"end":{"line":199,"column":null}},"105":{"start":{"line":200,"column":43},"end":{"line":200,"column":null}},"106":{"start":{"line":201,"column":6},"end":{"line":201,"column":null}},"107":{"start":{"line":205,"column":17},"end":{"line":205,"column":null}},"108":{"start":{"line":206,"column":4},"end":{"line":206,"column":null}},"109":{"start":{"line":206,"column":15},"end":{"line":206,"column":null}},"110":{"start":{"line":207,"column":41},"end":{"line":207,"column":null}},"111":{"start":{"line":208,"column":4},"end":{"line":208,"column":null}},"112":{"start":{"line":210,"column":4},"end":{"line":210,"column":null}},"113":{"start":{"line":215,"column":0},"end":{"line":270,"column":null}},"114":{"start":{"line":216,"column":2},"end":{"line":269,"column":null}},"115":{"start":{"line":217,"column":43},"end":{"line":217,"column":null}},"116":{"start":{"line":218,"column":23},"end":{"line":218,"column":null}},"117":{"start":{"line":219,"column":4},"end":{"line":221,"column":null}},"118":{"start":{"line":220,"column":6},"end":{"line":220,"column":null}},"119":{"start":{"line":223,"column":21},"end":{"line":226,"column":null}},"120":{"start":{"line":227,"column":4},"end":{"line":230,"column":null}},"121":{"start":{"line":228,"column":8},"end":{"line":228,"column":null}},"122":{"start":{"line":229,"column":6},"end":{"line":229,"column":null}},"123":{"start":{"line":232,"column":4},"end":{"line":234,"column":null}},"124":{"start":{"line":233,"column":6},"end":{"line":233,"column":null}},"125":{"start":{"line":236,"column":18},"end":{"line":236,"column":null}},"126":{"start":{"line":237,"column":4},"end":{"line":240,"column":null}},"127":{"start":{"line":238,"column":8},"end":{"line":238,"column":null}},"128":{"start":{"line":239,"column":6},"end":{"line":239,"column":null}},"129":{"start":{"line":242,"column":24},"end":{"line":242,"column":null}},"130":{"start":{"line":243,"column":92},"end":{"line":243,"column":null}},"131":{"start":{"line":244,"column":31},"end":{"line":244,"column":null}},"132":{"start":{"line":245,"column":10},"end":{"line":245,"column":null}},"133":{"start":{"line":248,"column":4},"end":{"line":255,"column":null}},"134":{"start":{"line":249,"column":28},"end":{"line":253,"column":null}},"135":{"start":{"line":254,"column":6},"end":{"line":254,"column":null}},"136":{"start":{"line":257,"column":4},"end":{"line":257,"column":null}},"137":{"start":{"line":258,"column":18},"end":{"line":262,"column":null}},"138":{"start":{"line":263,"column":6},"end":{"line":263,"column":null}},"139":{"start":{"line":264,"column":6},"end":{"line":264,"column":null}},"140":{"start":{"line":265,"column":4},"end":{"line":265,"column":null}},"141":{"start":{"line":267,"column":4},"end":{"line":267,"column":null}},"142":{"start":{"line":268,"column":4},"end":{"line":268,"column":null}},"143":{"start":{"line":273,"column":0},"end":{"line":302,"column":null}},"144":{"start":{"line":274,"column":2},"end":{"line":301,"column":null}},"145":{"start":{"line":275,"column":30},"end":{"line":275,"column":null}},"146":{"start":{"line":276,"column":4},"end":{"line":276,"column":null}},"147":{"start":{"line":276,"column":24},"end":{"line":276,"column":null}},"148":{"start":{"line":278,"column":20},"end":{"line":278,"column":null}},"149":{"start":{"line":286,"column":21},"end":{"line":289,"column":null}},"150":{"start":{"line":290,"column":4},"end":{"line":292,"column":null}},"151":{"start":{"line":291,"column":6},"end":{"line":291,"column":null}},"152":{"start":{"line":295,"column":18},"end":{"line":295,"column":null}},"153":{"start":{"line":296,"column":4},"end":{"line":296,"column":null}},"154":{"start":{"line":297,"column":4},"end":{"line":297,"column":null}},"155":{"start":{"line":299,"column":4},"end":{"line":299,"column":null}},"156":{"start":{"line":300,"column":4},"end":{"line":300,"column":null}},"157":{"start":{"line":305,"column":0},"end":{"line":307,"column":null}},"158":{"start":{"line":306,"column":2},"end":{"line":306,"column":null}},"159":{"start":{"line":310,"column":0},"end":{"line":385,"column":null}},"160":{"start":{"line":311,"column":2},"end":{"line":384,"column":null}},"161":{"start":{"line":312,"column":52},"end":{"line":312,"column":null}},"162":{"start":{"line":313,"column":4},"end":{"line":315,"column":null}},"163":{"start":{"line":314,"column":6},"end":{"line":314,"column":null}},"164":{"start":{"line":316,"column":4},"end":{"line":318,"column":null}},"165":{"start":{"line":317,"column":6},"end":{"line":317,"column":null}},"166":{"start":{"line":319,"column":4},"end":{"line":321,"column":null}},"167":{"start":{"line":320,"column":6},"end":{"line":320,"column":null}},"168":{"start":{"line":322,"column":4},"end":{"line":324,"column":null}},"169":{"start":{"line":323,"column":6},"end":{"line":323,"column":null}},"170":{"start":{"line":326,"column":21},"end":{"line":326,"column":null}},"171":{"start":{"line":327,"column":4},"end":{"line":327,"column":null}},"172":{"start":{"line":327,"column":18},"end":{"line":327,"column":null}},"173":{"start":{"line":329,"column":24},"end":{"line":329,"column":null}},"174":{"start":{"line":330,"column":4},"end":{"line":332,"column":null}},"175":{"start":{"line":331,"column":6},"end":{"line":331,"column":null}},"176":{"start":{"line":333,"column":25},"end":{"line":333,"column":null}},"177":{"start":{"line":334,"column":4},"end":{"line":334,"column":null}},"178":{"start":{"line":334,"column":22},"end":{"line":334,"column":null}},"179":{"start":{"line":336,"column":25},"end":{"line":336,"column":null}},"180":{"start":{"line":337,"column":22},"end":{"line":337,"column":null}},"181":{"start":{"line":340,"column":24},"end":{"line":340,"column":null}},"182":{"start":{"line":341,"column":26},"end":{"line":341,"column":null}},"183":{"start":{"line":344,"column":21},"end":{"line":346,"column":null}},"184":{"start":{"line":347,"column":19},"end":{"line":349,"column":null}},"185":{"start":{"line":352,"column":4},"end":{"line":352,"column":null}},"186":{"start":{"line":354,"column":4},"end":{"line":354,"column":null}},"187":{"start":{"line":357,"column":29},"end":{"line":357,"column":null}},"188":{"start":{"line":358,"column":30},"end":{"line":358,"column":null}},"189":{"start":{"line":359,"column":20},"end":{"line":359,"column":null}},"190":{"start":{"line":360,"column":21},"end":{"line":360,"column":null}},"191":{"start":{"line":361,"column":19},"end":{"line":361,"column":null}},"192":{"start":{"line":362,"column":25},"end":{"line":362,"column":null}},"193":{"start":{"line":363,"column":4},"end":{"line":378,"column":null}},"194":{"start":{"line":364,"column":6},"end":{"line":366,"column":null}},"195":{"start":{"line":367,"column":17},"end":{"line":369,"column":null}},"196":{"start":{"line":370,"column":23},"end":{"line":370,"column":null}},"197":{"start":{"line":371,"column":17},"end":{"line":371,"column":null}},"198":{"start":{"line":372,"column":6},"end":{"line":375,"column":null}},"199":{"start":{"line":372,"column":19},"end":{"line":372,"column":22}},"200":{"start":{"line":373,"column":21},"end":{"line":373,"column":null}},"201":{"start":{"line":374,"column":8},"end":{"line":374,"column":null}},"202":{"start":{"line":377,"column":6},"end":{"line":377,"column":null}},"203":{"start":{"line":380,"column":4},"end":{"line":380,"column":null}},"204":{"start":{"line":382,"column":4},"end":{"line":382,"column":null}},"205":{"start":{"line":383,"column":4},"end":{"line":383,"column":null}}},"fnMap":{"0":{"name":"setTokenCookie","decl":{"start":{"line":12,"column":9},"end":{"line":12,"column":24}},"loc":{"start":{"line":12,"column":54},"end":{"line":20,"column":null}},"line":12},"1":{"name":"checkLockout","decl":{"start":{"line":29,"column":9},"end":{"line":29,"column":22}},"loc":{"start":{"line":29,"column":55},"end":{"line":40,"column":null}},"line":29},"2":{"name":"recordFailedLogin","decl":{"start":{"line":42,"column":9},"end":{"line":42,"column":27}},"loc":{"start":{"line":42,"column":45},"end":{"line":49,"column":null}},"line":42},"3":{"name":"clearFailedLogins","decl":{"start":{"line":51,"column":9},"end":{"line":51,"column":27}},"loc":{"start":{"line":51,"column":45},"end":{"line":53,"column":null}},"line":51},"4":{"name":"(anonymous_4)","decl":{"start":{"line":56,"column":26},"end":{"line":56,"column":33}},"loc":{"start":{"line":56,"column":69},"end":{"line":159,"column":1}},"line":56},"5":{"name":"(anonymous_5)","decl":{"start":{"line":162,"column":50},"end":{"line":162,"column":57}},"loc":{"start":{"line":162,"column":93},"end":{"line":189,"column":1}},"line":162},"6":{"name":"(anonymous_6)","decl":{"start":{"line":192,"column":36},"end":{"line":192,"column":43}},"loc":{"start":{"line":192,"column":79},"end":{"line":212,"column":1}},"line":192},"7":{"name":"(anonymous_7)","decl":{"start":{"line":215,"column":33},"end":{"line":215,"column":40}},"loc":{"start":{"line":215,"column":76},"end":{"line":270,"column":1}},"line":215},"8":{"name":"(anonymous_8)","decl":{"start":{"line":273,"column":26},"end":{"line":273,"column":33}},"loc":{"start":{"line":273,"column":69},"end":{"line":302,"column":1}},"line":273},"9":{"name":"(anonymous_9)","decl":{"start":{"line":305,"column":15},"end":{"line":305,"column":30}},"loc":{"start":{"line":305,"column":54},"end":{"line":307,"column":1}},"line":305},"10":{"name":"(anonymous_10)","decl":{"start":{"line":310,"column":29},"end":{"line":310,"column":36}},"loc":{"start":{"line":310,"column":72},"end":{"line":385,"column":1}},"line":310}},"branchMap":{"0":{"loc":{"start":{"line":31,"column":2},"end":{"line":31,"column":null}},"type":"if","locations":[{"start":{"line":31,"column":2},"end":{"line":31,"column":null}},{"start":{},"end":{}}],"line":31},"1":{"loc":{"start":{"line":32,"column":2},"end":{"line":35,"column":null}},"type":"if","locations":[{"start":{"line":32,"column":2},"end":{"line":35,"column":null}},{"start":{},"end":{}}],"line":32},"2":{"loc":{"start":{"line":36,"column":2},"end":{"line":38,"column":null}},"type":"if","locations":[{"start":{"line":36,"column":2},"end":{"line":38,"column":null}},{"start":{},"end":{}}],"line":36},"3":{"loc":{"start":{"line":43,"column":16},"end":{"line":43,"column":null}},"type":"binary-expr","locations":[{"start":{"line":43,"column":16},"end":{"line":43,"column":46}},{"start":{"line":43,"column":46},"end":{"line":43,"column":null}}],"line":43},"4":{"loc":{"start":{"line":45,"column":2},"end":{"line":47,"column":null}},"type":"if","locations":[{"start":{"line":45,"column":2},"end":{"line":47,"column":null}},{"start":{},"end":{}}],"line":45},"5":{"loc":{"start":{"line":59,"column":23},"end":{"line":59,"column":null}},"type":"cond-expr","locations":[{"start":{"line":59,"column":45},"end":{"line":59,"column":56}},{"start":{"line":59,"column":56},"end":{"line":59,"column":null}}],"line":59},"6":{"loc":{"start":{"line":60,"column":4},"end":{"line":62,"column":null}},"type":"if","locations":[{"start":{"line":60,"column":4},"end":{"line":62,"column":null}},{"start":{},"end":{}}],"line":60},"7":{"loc":{"start":{"line":60,"column":8},"end":{"line":60,"column":32}},"type":"binary-expr","locations":[{"start":{"line":60,"column":8},"end":{"line":60,"column":21}},{"start":{"line":60,"column":21},"end":{"line":60,"column":32}}],"line":60},"8":{"loc":{"start":{"line":66,"column":4},"end":{"line":66,"column":null}},"type":"if","locations":[{"start":{"line":66,"column":4},"end":{"line":66,"column":null}},{"start":{},"end":{}}],"line":66},"9":{"loc":{"start":{"line":70,"column":4},"end":{"line":93,"column":null}},"type":"if","locations":[{"start":{"line":70,"column":4},"end
[...]
27":[0,0],"28":[0,0],"29":[0,0],"30":[0,0],"31":[0,0],"32":[0,0],"33":[0,0],"34":[0,0],"35":[0,0],"36":[0,0],"37":[0,0],"38":[0,0],"39":[0,0],"40":[0,0],"41":[0,0],"42":[0,0],"43":[0,0],"44":[0,0],"45":[0,0],"46":[0,0],"47":[0,0],"48":[0,0],"49":[0,0],"50":[0,0],"51":[0,0],"52":[0,0]},"meta":{"lastBranch":53,"lastFunction":5,"lastStatement":115,"seen":{"s:6:13:6:Infinity":0,"s:9:0:38:Infinity":1,"f:9:96:9:103":0,"s:10:2:37:Infinity":2,"s:11:43:11:Infinity":3,"b:12:4:15:Infinity:undefined:undefined:undefined:undefined":0,"s:12:4:15:Infinity":4,"s:13:6:13:Infinity":5,"s:14:6:14:Infinity":6,"b:16:4:24:Infinity:undefined:undefined:undefined:undefined":1,"s:16:4:24:Infinity":7,"s:17:6:17:Infinity":8,"b:19:6:23:Infinity:21:13:23:Infinity":2,"s:19:6:23:Infinity":9,"s:20:8:20:Infinity":10,"b:21:13:23:Infinity:undefined:undefined:undefined:undefined":3,"s:21:13:23:Infinity":11,"s:22:8:22:Infinity":12,"s:25:18:32:Infinity":13,"s:33:4:33:Infinity":14,"s:35:4:35:Infinity":15,"s:36:4:36:Infinity":16,"s:41:0:94:Infinity":17,"f:41:97:41:104":1,"s:42:2:93:Infinity":18,"s:43:85:43:Infinity":19,"b:44:4:44:Infinity:undefined:undefined:undefined:undefined":4,"s:44:4:44:Infinity":20,"b:44:8:44:21:44:21:44:32":5,"s:44:32:44:Infinity":21,"b:45:4:45:Infinity:undefined:undefined:undefined:undefined":6,"s:45:4:45:Infinity":22,"s:45:30:45:Infinity":23,"b:46:4:46:Infinity:undefined:undefined:undefined:undefined":7,"s:46:4:46:Infinity":24,"s:46:29:46:Infinity":25,"b:47:4:47:Infinity:undefined:undefined:undefined:undefined":8,"s:47:4:47:Infinity":26,"s:47:31:47:Infinity":27,"s:50:20:50:Infinity":28,"b:50:20:50:28:50:28:50:Infinity":9,"s:51:27:51:Infinity":29,"b:51:27:51:42:51:42:51:Infinity":10,"b:52:4:75:Infinity:55:11:75:Infinity":11,"s:52:4:75:Infinity":30,"s:53:6:53:Infinity":31,"s:54:6:54:Infinity":32,"b:55:11:75:Infinity:undefined:undefined:undefined:undefined":12,"s:55:11:75:Infinity":33,"s:56:6:56:Infinity":34,"s:57:6:57:Infinity":35,"b:57:25:57:40:57:40:57:Infinity":13,"b:59:6:64:Infinity:undefined:undefined:undefined:undefined":14,"s:59:6:64:Infinity":36,"b:59:10:59:30:59:30:59:46":15,"s:60:19:60:Infinity":37,"b:61:8:63:Infinity:undefined:undefined:undefined:undefined":16,"s:61:8:63:Infinity":38,"b:61:12:61:19:61:19:61:53":17,"s:62:10:62:Infinity":39,"s:66:23:66:Infinity":40,"s:67:12:67:Infinity":41,"b:67:65:67:70:67:70:67:Infinity":18,"b:67:28:67:55:67:55:67:61":19,"s:68:12:68:Infinity":42,"f:68:127:68:131":2,"s:68:136:68:140":43,"s:69:28:71:Infinity":44,"b:72:6:74:Infinity:undefined:undefined:undefined:undefined":20,"s:72:6:74:Infinity":45,"s:73:8:73:Infinity":46,"s:77:21:77:Infinity":47,"b:78:4:78:Infinity:undefined:undefined:undefined:undefined":21,"s:78:4:78:Infinity":48,"s:78:18:78:Infinity":49,"s:79:29:79:Infinity":50,"b:80:4:80:Infinity:undefined:undefined:undefined:undefined":22,"s:80:4:80:Infinity":51,"s:80:26:80:Infinity":52,"s:82:25:82:Infinity":53,"s:83:17:88:Infinity":54,"b:84:150:84:163:84:163:84:169":23,"b:84:183:84:199:84:199:84:204":24,"s:89:4:89:Infinity":55,"s:91:4:91:Infinity":56,"s:92:4:92:Infinity":57,"s:97:0:143:Infinity":58,"f:97:111:97:118":3,"s:98:2:142:Infinity":59,"s:99:15:99:Infinity":60,"b:100:4:100:Infinity:undefined:undefined:undefined:undefined":25,"s:100:4:100:Infinity":61,"s:100:19:100:Infinity":62,"s:101:19:101:Infinity":63,"b:102:4:102:Infinity:undefined:undefined:undefined:undefined":26,"s:102:4:102:Infinity":64,"s:102:17:102:Infinity":65,"b:104:4:108:Infinity:undefined:undefined:undefined:undefined":27,"s:104:4:108:Infinity":66,"b:104:8:104:46:104:46:104:79":28,"b:105:6:107:Infinity:undefined:undefined:undefined:undefined":29,"s:105:6:107:Infinity":67,"b:105:10:105:40:105:40:105:75":30,"s:106:8:106:Infinity":68,"s:110:75:110:Infinity":69,"s:111:42:111:Infinity":70,"b:112:4:112:Infinity:undefined:undefined:undefined:undefined":31,"s:112:4:112:Infinity":71,"s:112:32:112:Infinity":72,"b:113:4:113:Infinity:undefined:undefined:undefined:undefined":32,"s:113:4:113:Infinity":73,"s:113:29:113:Infinity":74,"b:114:4:114:Infinity:undefined:undefined:undefined:undefined":33,"s:114:4:114:Infinity":75,"s:114:36:114:Infinity":76,"b:114:56:114:72:114:72:114:Infinity":34,"b:115:4:119:Infinity:undefined:undefined:undefined:undefined":35,"s:115:4:119:Infinity":77,"b:116:6:116:Infinity:undefined:undefined:undefined:undefined":36,"s:116:6:116:Infinity":78,"s:116:31:116:Infinity":79,"b:117:6:117:Infinity:undefined:undefined:undefined:undefined":37,"s:117:6:117:Infinity":80,"s:117:33:117:Infinity":81,"s:118:6:118:Infinity":82,"b:120:4:129:Infinity:123:11:129:Infinity":38,"s:120:4:129:Infinity":83,"b:121:6:121:Infinity:undefined:undefined:undefined:undefined":39,"s:121:6:121:Infinity":84,"s:121:16:121:Infinity":85,"b:122:6:122:Infinity:undefined:undefined:undefined:undefined":40,"s:122:6:122:Infinity":86,"s:122:37:122:Infinity":87,"b:123:11:129:Infinity:undefined:undefined:undefined:undefined":41,"s:123:11:129:Infinity":88,"b:123:15:123:50:123:50:123:77":42,"b:124:6:127:Infinity:undefined:undefined:undefined:undefined":43,"s:124:6:127:Infinity":89,"s:125:19:125:Infinity":90,"b:126:8:126:Infinity:undefined:undefined:undefined:undefined":44,"s:126:8:126:Infinity":91,"b:126:12:126:19:126:19:126:53":45,"s:126:53:126:Infinity":92,"s:128:6:128:Infinity":93,"s:131:17:137:Infinity":94,"s:138:4:138:Infinity":95,"s:139:4:139:Infinity":96,"s:141:4:141:Infinity":97,"s:146:0:164:Infinity":98,"f:146:114:146:121":4,"s:147:2:163:Infinity":99,"s:148:15:148:Infinity":100,"b:149:4:149:Infinity:undefined:undefined:undefined:undefined":46,"s:149:4:149:Infinity":101,"s:149:19:149:Infinity":102,"b:150:4:150:Infinity:undefined:undefined:undefined:undefined":47,"s:150:4:150:Infinity":103,"s:150:27:150:Infinity":104,"s:151:19:151:Infinity":105,"b:152:4:152:Infinity:undefined:undefined:undefined:undefined":48,"s:152:4:152:Infinity":106,"s:152:17:152:Infinity":107,"b:153:4:157:Infinity:undefined:undefined:undefined:undefined":49,"s:153:4:157:Infinity":108,"b:153:8:153:46:153:46:153:79":50,"b:154:6:156:Infinity:undefined:undefined:undefined:undefined":51,"s:154:6:156:Infinity":109,"b:154:10:154:40:154:40:154:75":52,"s:155:8:155:Infinity":110,"s:158:4:158:Infinity":111,"s:159:4:159:Infinity":112,"s:160:4:160:Infinity":113,"s:162:4:162:Infinity":114}}}
,"E:\\claude\\inventory-system\\server\\src\\routes\\warehouses.ts": {"path":"E:\\claude\\inventory-system\\server\\src\\routes\\warehouses.ts","statementMap":{"0":{"start":{"line":5,"column":13},"end":{"line":5,"column":null}},"1":{"start":{"line":6,"column":0},"end":{"line":6,"column":null}},"2":{"start":{"line":7,"column":0},"end":{"line":7,"column":null}},"3":{"start":{"line":9,"column":0},"end":{"line":38,"column":null}},"4":{"start":{"line":10,"column":41},"end":{"line":10,"column":null}},"5":{"start":{"line":11,"column":2},"end":{"line":13,"column":null}},"6":{"start":{"line":12,"column":4},"end":{"line":12,"column":null}},"7":{"start":{"line":14,"column":15},"end":{"line":22,"column":null}},"8":{"start":{"line":24,"column":17},"end":{"line":35,"column":null}},"9":{"start":{"line":24,"column":32},"end":{"line":35,"column":4}},"10":{"start":{"line":33,"column":52},"end":{"line":33,"column":70}},"11":{"start":{"line":37,"column":2},"end":{"line":37,"column":null}},"12":{"start":{"line":40,"column":0},"end":{"line":64,"column":null}},"13":{"start":{"line":41,"column":28},"end":{"line":41,"column":null}},"14":{"start":{"line":42,"column":2},"end":{"line":42,"column":null}},"15":{"start":{"line":42,"column":13},"end":{"line":42,"column":null}},"16":{"start":{"line":43,"column":2},"end":{"line":43,"column":null}},"17":{"start":{"line":43,"column":25},"end":{"line":43,"column":null}},"18":{"start":{"line":44,"column":2},"end":{"line":44,"column":null}},"19":{"start":{"line":44,"column":39},"end":{"line":44,"column":null}},"20":{"start":{"line":47,"column":34},"end":{"line":47,"column":null}},"21":{"start":{"line":48,"column":2},"end":{"line":60,"column":null}},"22":{"start":{"line":49,"column":21},"end":{"line":49,"column":null}},"23":{"start":{"line":50,"column":4},"end":{"line":52,"column":null}},"24":{"start":{"line":51,"column":6},"end":{"line":51,"column":null}},"25":{"start":{"line":53,"column":18},"end":{"line":53,"column":null}},"26":{"start":{"line":54,"column":4},"end":{"line":56,"column":null}},"27":{"start":{"line":55,"column":6},"end":{"line":55,"column":null}},"28":{"start":{"line":57,"column":4},"end":{"line":57,"column":null}},"29":{"start":{"line":58,"column":9},"end":{"line":60,"column":null}},"30":{"start":{"line":59,"column":4},"end":{"line":59,"column":null}},"31":{"start":{"line":62,"column":20},"end":{"line":62,"column":null}},"32":{"start":{"line":63,"column":2},"end":{"line":63,"column":null}},"33":{"start":{"line":66,"column":0},"end":{"line":80,"column":null}},"34":{"start":{"line":67,"column":13},"end":{"line":67,"column":null}},"35":{"start":{"line":68,"column":2},"end":{"line":68,"column":null}},"36":{"start":{"line":68,"column":17},"end":{"line":68,"column":null}},"37":{"start":{"line":69,"column":19},"end":{"line":69,"column":null}},"38":{"start":{"line":70,"column":2},"end":{"line":70,"column":null}},"39":{"start":{"line":70,"column":17},"end":{"line":70,"column":null}},"40":{"start":{"line":71,"column":2},"end":{"line":73,"column":null}},"41":{"start":{"line":72,"column":4},"end":{"line":72,"column":null}},"42":{"start":{"line":75,"column":28},"end":{"line":75,"column":null}},"43":{"start":{"line":76,"column":2},"end":{"line":76,"column":null}},"44":{"start":{"line":76,"column":33},"end":{"line":76,"column":null}},"45":{"start":{"line":77,"column":2},"end":{"line":77,"column":null}},"46":{"start":{"line":77,"column":39},"end":{"line":77,"column":null}},"47":{"start":{"line":78,"column":20},"end":{"line":78,"column":null}},"48":{"start":{"line":79,"column":2},"end":{"line":79,"column":null}},"49":{"start":{"line":82,"column":0},"end":{"line":92,"column":null}},"50":{"start":{"line":83,"column":13},"end":{"line":83,"column":null}},"51":{"start":{"line":84,"column":2},"end":{"line":84,"column":null}},"52":{"start":{"line":84,"column":17},"end":{"line":84,"column":null}},"53":{"start":{"line":85,"column":19},"end":{"line":85,"column":null}},"54":{"start":{"line":86,"column":2},"end":{"line":86,"column":null}},"55":{"start":{"line":86,"column":17},"end":{"line":86,"column":null}},"56":{"start":{"line":87,"column":2},"end":{"line":89,"column":null}},"57":{"start":{"line":88,"column":4},"end":{"line":88,"column":null}},"58":{"start":{"line":90,"column":2},"end":{"line":90,"column":null}},"59":{"start":{"line":91,"column":2},"end":{"line":91,"column":null}}},"fnMap":{"0":{"name":"(anonymous_0)","decl":{"start":{"line":9,"column":26},"end":{"line":9,"column":33}},"loc":{"start":{"line":9,"column":69},"end":{"line":38,"column":1}},"line":9},"1":{"name":"(anonymous_1)","decl":{"start":{"line":24,"column":22},"end":{"line":24,"column":26}},"loc":{"start":{"line":24,"column":32},"end":{"line":35,"column":4}},"line":24},"2":{"name":"(anonymous_2)","decl":{"start":{"line":33,"column":33},"end":{"line":33,"column":41}},"loc":{"start":{"line":33,"column":52},"end":{"line":33,"column":70}},"line":33},"3":{"name":"(anonymous_3)","decl":{"start":{"line":40,"column":27},"end":{"line":40,"column":34}},"loc":{"start":{"line":40,"column":70},"end":{"line":64,"column":1}},"line":40},"4":{"name":"(anonymous_4)","decl":{"start":{"line":66,"column":41},"end":{"line":66,"column":48}},"loc":{"start":{"line":66,"column":84},"end":{"line":80,"column":1}},"line":66},"5":{"name":"(anonymous_5)","decl":{"start":{"line":82,"column":44},"end":{"line":82,"column":51}},"loc":{"start":{"line":82,"column":87},"end":{"line":92,"column":1}},"line":82}},"branchMap":{"0":{"loc":{"start":{"line":11,"column":2},"end":{"line":13,"column":null}},"type":"if","locations":[{"start":{"line":11,"column":2},"end":{"line":13,"column":null}},{"start":{},"end":{}}],"line":11},"1":{"loc":{"start":{"line":42,"column":2},"end":{"line":42,"column":null}},"type":"if","locations":[{"start":{"line":42,"column":2},"end":{"line":42,"column":null}},{"start":{},"end":{}}],"line":42},"2":{"loc":{"start":{"line":43,"column":2},"end":{"line":43,"column":null}},"type":"if","locations":[{"start":{"line":43,"column":2},"end":{"line":43,"column":null}},{"start":{},"end":{}}],"line":43},"3":{"loc":{"start":{"line":44,"column":2},"end":{"line":44,"column":null}},"type":"if","locations":[{"start":{"line":44,"column":2},"end":{"line":44,"column":null}},{"start":{},"end":{}}],"line":44},"4":{"loc":{"start":{"line":44,"column":6},"end":{"line":44,"column":39}},"type":"binary-expr","locations":[{"start":{"line":44,"column":6},"end":{"line":44,"column":17}},{"start":{"line":44,"column":17},"end":{"line":44,"column":39}}],"line":44},"5":{"loc":{"start":{"line":48,"column":2},"end":{"line":60,"column":null}},"type":"if","locations":[{"start":{"line":48,"column":2},"end":{"line":60,"column":null}},{"start":{"line":58,"column":9},"end":{"line":60,"column":null}}],"line":48},"6":{"loc":{"start":{"line":50,"column":4},"end":{"line":52,"column":null}},"type":"if","locations":[{"start":{"line":50,"column":4},"end":{"line":52,"column":null}},{"start":{},"end":{}}],"line":50},"7":{"loc":{"start":{"line":50,"column":8},"end":{"line":50,"column":51}},"type":"binary-expr","locations":[{"start":{"line":50,"column":8},"end":{"line":50,"column":21}},{"start":{"line":50,"column":21},"end":{"line":50,"column":51}}],"line":50},"8":{"loc":{"start":{"line":54,"column":4},"end":{"line":56,"column":null}},"type":"if","locations":[{"start":{"line":54,"column":4},"end":{"line":56,"column":null}},{"start":{},"end":{}}],"line":54},"9":{"loc":{"start":{"line":58,"column":9},"end":{"line":60,"column":null}},"type":"if","locations":[{"start":{"line":58,"column":9},"end":{"line":60,"column":null}},{"start":{},"end":{}}],"line":58},"10":{"loc":{"start":{"line":58,"column":9},"end":{"line":58,"column":108}},"type":"binary-expr","locations":[{"start":{"line":58,"column":14},"end":{"line":58,"column":48}},{"start":{"line":58,"column":48},"end":{"line":58,"column":87}},{"start":{"line":58,"column":87},"end":{"line":58,"column":108}}],"line":58},"11":{"loc":{"start":{"line":68,"column":2},"end":{"line":68,"column":null}},"type":"if","locations":[{"start":{"line":68,"column":2},"end":{"line":68,"column":null}},{"start":{},"end":{}}],"line":68},"12":{"loc":{"start":{"line":70,"column":2},"end":{"line":70,"column":null}},"type":"if","locations":[{"start":{"line":70,"column":2},"end":{"line":70,"column":null}},{"start":{},"end":{}}],"line":70},"13":{"loc":{"start":{"line":71,"column":2},"end":{"line":73,"column":null}},"type":"if","locations":[{"start":{"line":71,"column":2},"end":{"line":73,"column":null}},{"start":{},"end":{}}],"line":71},"14":{"loc":{"start":{"line":71,"column":6},"end":{"line":71,"column":64}},"type":"binary-expr","locations":[{"start":{"line":71,"column":6},"end":{"line":71,"column":24}},{"start":{"line":71,"column":24},"end":{"line":71,"column":64}}],"line":71},"15":{"loc":{"start":{"line":76,"column":2},"end":{"line":76,"column":null}},"type":"if","locations":[{"start":{"line":76,"column":2},"end":{"line":76,"column":null}},{"start":{},"end":{}}],"line":76},"16":{"loc":{"start":{"line":76,"column":6},"end":{"line":76,"column":33}},"type":"binary-expr","locations":[{"start":{"line":76,"column":6},"end":{"line":76,"column":14}},{"start":{"line":76,"column":14},"end":{"line":76,"column":33}}],"line":76},"17":{"loc":{"start":{"line":77,"column":2},"end":{"line":77,"column":null}},"type":"if","locations":[{"start":{"line":77,"column":2},"end":{"line":77,"column":null}},{"start":{},"end":{}}],"line":77},"18":{"loc":{"start":{"line":77,"column":6},"end":{"line":77,"column":39}},"type":"binary-expr","locations":[{"start":{"line":77,"column":6},"end":{"line":77,"column":17}},{"start":{"line":77,"column":17},"end":{"line":77,"column":39}}],"line":77},"19":{"loc":{"start":{"line":84,"column":2},"end":{"line":84,"column":null}},"type":"if","locations":[{"start":{"line":84,"column":2},"end":{"line":84,"column":null}},{"start":{},"end":{}}],"line":84},"20":{"loc":{"start":{"line":86,"column":2},"end":{"line":86,"column":null}},"type":"if","locations":[{"start":{"line":86,"column":2},"end":{"line":86,"column":null}},{"start":{},"end":{}}],"line":86},"21":{"loc":{"start":{"line":87,"column":2},"end":{"line":89,"column":null}},"type":"if","locations":[{"start":{"line":87,"column":2},"end":{"line":89,"column":null}},{"start":{},"end":{}}],"line":87}},"s":{"0":1,"1":1,"2":1,"3":1,"4":1,"5":1,"6":0,"7":1,"8":1,"9":6,"10":77,"11":1,"12":1,"13":0,"14":0,"15":0,"16":0,"17":0,"18":0,"19":0,"20":0,"21":0,"22":0,"23":0,"24":0,"25":0,"26":0,"27":0,"28":0,"29":0,"30":0,"31":0,"32":0,"33":1,"34":0,"35":0,"36":0,"37":0,"38":0,"39":0,"40":0,"41":0,"42":0,"43":0,"44":0,"45":0,"46":0,"47":0,"48":0,"49":1,"50":0,"51":0,"52":0,"53":0,"54":0,"55":0,"56":0,"57":0,"58":0,"59":0},"f":{"0":1,"1":6,"2":77,"3":0,"4":0,"5":0},"b":{"0":[0,1],"1":[0,0],"2":[0,0],"3":[0,0],"4":[0,0],"5":[0,0],"6":[0,0],"7":[0,0],"8":[0,0],"9":[0,0],"10":[0,0,0],"11":[0,0],"12":[0,0],"13":[0,0],"14":[0,0],"15":[0,0],"16":[0,0],"17":[0,0],"18":[0,0],"19":[0,0],"20":[0,0],"21":[0,0]},"meta":{"lastBranch":22,"lastFunction":6,"lastStatement":60,"seen":{"s:5:13:5:Infinity":0,"s:6:0:6:Infinity":1,"s:7:0:7:Infinity":2,"s:9:0:38:Infinity":3,"f:9:26:9:33":0,"s:10:41:10:Infinity":4,"b:11:2:13:Infinity:undefined:undefined:undefined:undefined":0,"s:11:2:13:Infinity":5,"s:12:4:12:Infinity":6,"s:14:15:22:Infinity":7,"s:24:17:35:Infinity":8,"f:24:22:24:26":1,"s:24:32:35:4":9,"f:33:33:33:41":2,"s:33:52:33:70":10,"s:37:2:37:Infinity":11,"s:40:0:64:Infinity":12,"f:40:27:40:34":3,"s:41:28:41:Infinity":13,"b:42:2:42:Infinity:undefined:undefined:undefined:undefined":1,"s:42:2:42:Infinity":14,"s:42:13:42:Infinity":15,"b:43:2:43:Infinity:undefined:undefined:undefined:undefined":2,"s:43:2:43:Infinity":16,"s:43:25:43:Infinity":17,"b:44:2:44:Infinity:undefined:undefined:undefined:undefined":3,"s:44:2:44:Infinity":18,"b:44:6:44:17:44:17:44:39":4,"s:44:39:44:Infinity":19,"s:47:34:47:Infinity":20,"b:48:2:60:Infinity:58:9:60:Infinity":5,"s:48:2:60:Infinity":21,"s:49:21:49:Infinity":22,"b:50:4:52:Infinity:undefined:undefined:undefined:undefined":6,"s:50:4:52:Infinity":23,"b:50:8:50:21:50:21:50:51":7,"s:51:6:51:Infinity":24,"s:53:18:53:Infinity":25,"b:54:4:56:Infinity:undefined:undefined:undefined:undefined":8,"s:54:4:56:Infinity":26,"s:55:6:55:Infinity":27,"s:57:4:57:Infinity":28,"b:58:9:60:Infinity:undefined:undefined:undefined:undefined":9,"s:58:9:60:Infinity":29,"b:58:14:58:48:58:48:58:87:58:87:58:108":10,"s:59:4:59:Infinity":30,"s:62:20:62:Infinity":31,"s:63:2:63:Infinity":32,"s:66:0:80:Infinity":33,"f:66:41:66:48":4,"s:67:13:67:Infinity":34,"b:68:2:68:Infinity:undefined:undefined:undefined:undefined":11,"s:68:2:68:Infinity":35,"s:68:17:68:Infinity":36,"s:69:19:69:Infinity":37,"b:70:2:70:Infinity:undefined:undefined:undefined:undefined":12,"s:70:2:70:Infinity":38,"s:70:17:70:Infinity":39,"b:71:2:73:Infinity:undefined:undefined:undefined:undefined":13,"s:71:2:73:Infinity":40,"b:71:6:71:24:71:24:71:64":14,"s:72:4:72:Infinity":41,"s:75:28:75:Infinity":42,"b:76:2:76:Infinity:undefined:undefined:undefined:undefined":15,"s:76:2:76:Infinity":43,"b:76:6:76:14:76:14:76:33":16,"s:76:33:76:Infinity":44,"b:77:2:77:Infinity:undefined:undefined:undefined:undefined":17,"s:77:2:77:Infinity":45,"b:77:6:77:17:77:17:77:39":18,"s:77:39:77:Infinity":46,"s:78:20:78:Infinity":47,"s:79:2:79:Infinity":48,"s:82:0:92:Infinity":49,"f:82:44:82:51":5,"s:83:13:83:Infinity":50,"b:84:2:84:Infinity:undefined:undefined:undefined:undefined":19,"s:84:2:84:Infinity":51,"s:84:17:84:Infinity":52,"s:85:19:85:Infinity":53,"b:86:2:86:Infinity:undefined:undefined:undefined:undefined":20,"s:86:2:86:Infinity":54,"s:86:17:86:Infinity":55,"b:87:2:89:Infinity:undefined:undefined:undefined:undefined":21,"s:87:2:89:Infinity":56,"s:88:4:88:Infinity":57,"s:90:2:90:Infinity":58,"s:91:2:91:Infinity":59}}}
}
